2022-12-14 10:42:46.6135 [ERROR] => Failed parsing app '/home/john/src/Fenrus/Dotnet/Apps/Smart/Steam/app.json': The JSON value could not be converted to System.Nullable`1[Fenrus.ItemSize]. Path: $.DefaultSize | LineNumber: 5 | BytePositionInLine: 26.
2022-12-14 10:42:46.6666 [ERROR] => Failed parsing app '/home/john/src/Fenrus/Dotnet/Apps/Smart/Jellyfin/app.json': The JSON value could not be converted to System.Nullable`1[Fenrus.ItemSize]. Path: $.DefaultSize | LineNumber: 5 | BytePositionInLine: 25.
2022-12-14 10:42:46.6754 [ERROR] => Failed parsing app '/home/john/src/Fenrus/Dotnet/Apps/Smart/GOG/app.json': The JSON value could not be converted to System.Nullable`1[Fenrus.ItemSize]. Path: $.DefaultSize | LineNumber: 4 | BytePositionInLine: 23.
2022-12-14 10:42:46.6831 [ERROR] => Failed parsing app '/home/john/src/Fenrus/Dotnet/Apps/Smart/EpicGames/app.json': The JSON value could not be converted to System.Nullable`1[Fenrus.ItemSize]. Path: $.DefaultSize | LineNumber: 4 | BytePositionInLine: 26.
2022-12-14 10:42:46.6907 [ERROR] => Failed parsing app '/home/john/src/Fenrus/Dotnet/Apps/Smart/Emby/app.json': The JSON value could not be converted to System.Nullable`1[Fenrus.ItemSize]. Path: $.DefaultSize | LineNumber: 5 | BytePositionInLine: 25.
2022-12-14 10:45:00.2257 [ERROR] => Failed parsing app '/home/john/src/Fenrus/Dotnet/Apps/Smart/Steam/app.json': The JSON value could not be converted to System.Nullable`1[Fenrus.ItemSize]. Path: $.DefaultSize | LineNumber: 5 | BytePositionInLine: 26.
2022-12-14 10:45:00.2769 [ERROR] => Failed parsing app '/home/john/src/Fenrus/Dotnet/Apps/Smart/Jellyfin/app.json': The JSON value could not be converted to System.Nullable`1[Fenrus.ItemSize]. Path: $.DefaultSize | LineNumber: 5 | BytePositionInLine: 25.
2022-12-14 10:45:00.2851 [ERROR] => Failed parsing app '/home/john/src/Fenrus/Dotnet/Apps/Smart/GOG/app.json': The JSON value could not be converted to System.Nullable`1[Fenrus.ItemSize]. Path: $.DefaultSize | LineNumber: 4 | BytePositionInLine: 23.
2022-12-14 10:45:00.2930 [ERROR] => Failed parsing app '/home/john/src/Fenrus/Dotnet/Apps/Smart/EpicGames/app.json': The JSON value could not be converted to System.Nullable`1[Fenrus.ItemSize]. Path: $.DefaultSize | LineNumber: 4 | BytePositionInLine: 26.
2022-12-14 10:45:00.3006 [ERROR] => Failed parsing app '/home/john/src/Fenrus/Dotnet/Apps/Smart/Emby/app.json': The JSON value could not be converted to System.Nullable`1[Fenrus.ItemSize]. Path: $.DefaultSize | LineNumber: 5 | BytePositionInLine: 25.
2022-12-14 10:45:21.6483 [ERROR] => Failed parsing app '/home/john/src/Fenrus/Dotnet/Apps/Smart/Steam/app.json': The JSON value could not be converted to System.Nullable`1[Fenrus.ItemSize]. Path: $.DefaultSize | LineNumber: 5 | BytePositionInLine: 26.
2022-12-14 10:45:21.7009 [ERROR] => Failed parsing app '/home/john/src/Fenrus/Dotnet/Apps/Smart/Jellyfin/app.json': The JSON value could not be converted to System.Nullable`1[Fenrus.ItemSize]. Path: $.DefaultSize | LineNumber: 5 | BytePositionInLine: 25.
2022-12-14 10:45:21.7098 [ERROR] => Failed parsing app '/home/john/src/Fenrus/Dotnet/Apps/Smart/GOG/app.json': The JSON value could not be converted to System.Nullable`1[Fenrus.ItemSize]. Path: $.DefaultSize | LineNumber: 4 | BytePositionInLine: 23.
2022-12-14 10:45:21.7186 [ERROR] => Failed parsing app '/home/john/src/Fenrus/Dotnet/Apps/Smart/EpicGames/app.json': The JSON value could not be converted to System.Nullable`1[Fenrus.ItemSize]. Path: $.DefaultSize | LineNumber: 4 | BytePositionInLine: 26.
2022-12-14 10:45:21.7265 [ERROR] => Failed parsing app '/home/john/src/Fenrus/Dotnet/Apps/Smart/Emby/app.json': The JSON value could not be converted to System.Nullable`1[Fenrus.ItemSize]. Path: $.DefaultSize | LineNumber: 5 | BytePositionInLine: 25.
2022-12-14 10:45:38.9790 [ERROR] => Failed parsing app '/home/john/src/Fenrus/Dotnet/Apps/Smart/Steam/app.json': The JSON value could not be converted to System.Nullable`1[Fenrus.ItemSize]. Path: $.DefaultSize | LineNumber: 5 | BytePositionInLine: 26.
2022-12-14 10:45:39.0307 [ERROR] => Failed parsing app '/home/john/src/Fenrus/Dotnet/Apps/Smart/Jellyfin/app.json': The JSON value could not be converted to System.Nullable`1[Fenrus.ItemSize]. Path: $.DefaultSize | LineNumber: 5 | BytePositionInLine: 25.
2022-12-14 10:45:39.0392 [ERROR] => Failed parsing app '/home/john/src/Fenrus/Dotnet/Apps/Smart/GOG/app.json': The JSON value could not be converted to System.Nullable`1[Fenrus.ItemSize]. Path: $.DefaultSize | LineNumber: 4 | BytePositionInLine: 23.
2022-12-14 10:45:39.0474 [ERROR] => Failed parsing app '/home/john/src/Fenrus/Dotnet/Apps/Smart/EpicGames/app.json': The JSON value could not be converted to System.Nullable`1[Fenrus.ItemSize]. Path: $.DefaultSize | LineNumber: 4 | BytePositionInLine: 26.
2022-12-14 10:45:39.0557 [ERROR] => Failed parsing app '/home/john/src/Fenrus/Dotnet/Apps/Smart/Emby/app.json': The JSON value could not be converted to System.Nullable`1[Fenrus.ItemSize]. Path: $.DefaultSize | LineNumber: 5 | BytePositionInLine: 25.
2022-12-14 10:49:22.1656 [ERROR] => Failed parsing app '/home/john/src/Fenrus/Dotnet/Apps/Smart/Steam/app.json': The JSON value could not be converted to System.Nullable`1[Fenrus.ItemSize]. Path: $.DefaultSize | LineNumber: 5 | BytePositionInLine: 26.
2022-12-14 10:49:22.2186 [ERROR] => Failed parsing app '/home/john/src/Fenrus/Dotnet/Apps/Smart/Jellyfin/app.json': The JSON value could not be converted to System.Nullable`1[Fenrus.ItemSize]. Path: $.DefaultSize | LineNumber: 5 | BytePositionInLine: 25.
2022-12-14 10:49:22.2277 [ERROR] => Failed parsing app '/home/john/src/Fenrus/Dotnet/Apps/Smart/GOG/app.json': The JSON value could not be converted to System.Nullable`1[Fenrus.ItemSize]. Path: $.DefaultSize | LineNumber: 4 | BytePositionInLine: 23.
2022-12-14 10:49:22.2353 [ERROR] => Failed parsing app '/home/john/src/Fenrus/Dotnet/Apps/Smart/EpicGames/app.json': The JSON value could not be converted to System.Nullable`1[Fenrus.ItemSize]. Path: $.DefaultSize | LineNumber: 4 | BytePositionInLine: 26.
2022-12-14 10:49:22.2434 [ERROR] => Failed parsing app '/home/john/src/Fenrus/Dotnet/Apps/Smart/Emby/app.json': The JSON value could not be converted to System.Nullable`1[Fenrus.ItemSize]. Path: $.DefaultSize | LineNumber: 5 | BytePositionInLine: 25.
2022-12-14 10:49:45.4681 [ERROR] => Failed parsing app '/home/john/src/Fenrus/Dotnet/Apps/Smart/Steam/app.json': The JSON value could not be converted to System.Nullable`1[Fenrus.ItemSize]. Path: $.DefaultSize | LineNumber: 5 | BytePositionInLine: 26.
2022-12-14 10:49:45.5234 [ERROR] => Failed parsing app '/home/john/src/Fenrus/Dotnet/Apps/Smart/Jellyfin/app.json': The JSON value could not be converted to System.Nullable`1[Fenrus.ItemSize]. Path: $.DefaultSize | LineNumber: 5 | BytePositionInLine: 25.
2022-12-14 10:49:45.5319 [ERROR] => Failed parsing app '/home/john/src/Fenrus/Dotnet/Apps/Smart/GOG/app.json': The JSON value could not be converted to System.Nullable`1[Fenrus.ItemSize]. Path: $.DefaultSize | LineNumber: 4 | BytePositionInLine: 23.
2022-12-14 10:49:45.5402 [ERROR] => Failed parsing app '/home/john/src/Fenrus/Dotnet/Apps/Smart/EpicGames/app.json': The JSON value could not be converted to System.Nullable`1[Fenrus.ItemSize]. Path: $.DefaultSize | LineNumber: 4 | BytePositionInLine: 26.
2022-12-14 10:49:45.5478 [ERROR] => Failed parsing app '/home/john/src/Fenrus/Dotnet/Apps/Smart/Emby/app.json': The JSON value could not be converted to System.Nullable`1[Fenrus.ItemSize]. Path: $.DefaultSize | LineNumber: 5 | BytePositionInLine: 25.
2022-12-14 14:00:43.8632 [ERROR] => Failed parsing app '/home/john/src/Fenrus/Dotnet/Apps/Smart/Steam/app.json': The JSON value could not be converted to System.Nullable`1[Fenrus.ItemSize]. Path: $.DefaultSize | LineNumber: 5 | BytePositionInLine: 26.
2022-12-14 14:00:43.9145 [ERROR] => Failed parsing app '/home/john/src/Fenrus/Dotnet/Apps/Smart/Jellyfin/app.json': The JSON value could not be converted to System.Nullable`1[Fenrus.ItemSize]. Path: $.DefaultSize | LineNumber: 5 | BytePositionInLine: 25.
2022-12-14 14:00:43.9248 [ERROR] => Failed parsing app '/home/john/src/Fenrus/Dotnet/Apps/Smart/GOG/app.json': The JSON value could not be converted to System.Nullable`1[Fenrus.ItemSize]. Path: $.DefaultSize | LineNumber: 4 | BytePositionInLine: 23.
2022-12-14 14:00:43.9333 [ERROR] => Failed parsing app '/home/john/src/Fenrus/Dotnet/Apps/Smart/EpicGames/app.json': The JSON value could not be converted to System.Nullable`1[Fenrus.ItemSize]. Path: $.DefaultSize | LineNumber: 4 | BytePositionInLine: 26.
2022-12-14 14:00:43.9408 [ERROR] => Failed parsing app '/home/john/src/Fenrus/Dotnet/Apps/Smart/Emby/app.json': The JSON value could not be converted to System.Nullable`1[Fenrus.ItemSize]. Path: $.DefaultSize | LineNumber: 5 | BytePositionInLine: 25.
2022-12-14 14:02:35.7541 [ERROR] => Failed parsing app '/home/john/src/Fenrus/Dotnet/Apps/Smart/Steam/app.json': The JSON value could not be converted to System.Nullable`1[Fenrus.ItemSize]. Path: $.DefaultSize | LineNumber: 5 | BytePositionInLine: 26.
2022-12-14 14:02:35.8038 [ERROR] => Failed parsing app '/home/john/src/Fenrus/Dotnet/Apps/Smart/Jellyfin/app.json': The JSON value could not be converted to System.Nullable`1[Fenrus.ItemSize]. Path: $.DefaultSize | LineNumber: 5 | BytePositionInLine: 25.
2022-12-14 14:02:35.8115 [ERROR] => Failed parsing app '/home/john/src/Fenrus/Dotnet/Apps/Smart/GOG/app.json': The JSON value could not be converted to System.Nullable`1[Fenrus.ItemSize]. Path: $.DefaultSize | LineNumber: 4 | BytePositionInLine: 23.
2022-12-14 14:02:35.8191 [ERROR] => Failed parsing app '/home/john/src/Fenrus/Dotnet/Apps/Smart/EpicGames/app.json': The JSON value could not be converted to System.Nullable`1[Fenrus.ItemSize]. Path: $.DefaultSize | LineNumber: 4 | BytePositionInLine: 26.
2022-12-14 14:02:35.8262 [ERROR] => Failed parsing app '/home/john/src/Fenrus/Dotnet/Apps/Smart/Emby/app.json': The JSON value could not be converted to System.Nullable`1[Fenrus.ItemSize]. Path: $.DefaultSize | LineNumber: 5 | BytePositionInLine: 25.
2022-12-14 14:05:48.3311 [ERROR] => Failed parsing app '/home/john/src/Fenrus/Dotnet/Apps/Smart/Steam/app.json': The JSON value could not be converted to System.Nullable`1[Fenrus.ItemSize]. Path: $.DefaultSize | LineNumber: 5 | BytePositionInLine: 26.
2022-12-14 14:05:48.3964 [ERROR] => Failed parsing app '/home/john/src/Fenrus/Dotnet/Apps/Smart/Jellyfin/app.json': The JSON value could not be converted to System.Nullable`1[Fenrus.ItemSize]. Path: $.DefaultSize | LineNumber: 5 | BytePositionInLine: 25.
2022-12-14 14:05:48.4061 [ERROR] => Failed parsing app '/home/john/src/Fenrus/Dotnet/Apps/Smart/GOG/app.json': The JSON value could not be converted to System.Nullable`1[Fenrus.ItemSize]. Path: $.DefaultSize | LineNumber: 4 | BytePositionInLine: 23.
2022-12-14 14:05:48.4154 [ERROR] => Failed parsing app '/home/john/src/Fenrus/Dotnet/Apps/Smart/EpicGames/app.json': The JSON value could not be converted to System.Nullable`1[Fenrus.ItemSize]. Path: $.DefaultSize | LineNumber: 4 | BytePositionInLine: 26.
2022-12-14 14:05:48.4243 [ERROR] => Failed parsing app '/home/john/src/Fenrus/Dotnet/Apps/Smart/Emby/app.json': The JSON value could not be converted to System.Nullable`1[Fenrus.ItemSize]. Path: $.DefaultSize | LineNumber: 5 | BytePositionInLine: 25.
2022-12-14 14:06:21.1850 [ERROR] => Failed parsing app '/home/john/src/Fenrus/Dotnet/Apps/Smart/Steam/app.json': The JSON value could not be converted to System.Nullable`1[Fenrus.ItemSize]. Path: $.DefaultSize | LineNumber: 5 | BytePositionInLine: 26.
2022-12-14 14:06:21.2391 [ERROR] => Failed parsing app '/home/john/src/Fenrus/Dotnet/Apps/Smart/Jellyfin/app.json': The JSON value could not be converted to System.Nullable`1[Fenrus.ItemSize]. Path: $.DefaultSize | LineNumber: 5 | BytePositionInLine: 25.
2022-12-14 14:06:21.2481 [ERROR] => Failed parsing app '/home/john/src/Fenrus/Dotnet/Apps/Smart/GOG/app.json': The JSON value could not be converted to System.Nullable`1[Fenrus.ItemSize]. Path: $.DefaultSize | LineNumber: 4 | BytePositionInLine: 23.
2022-12-14 14:06:21.2566 [ERROR] => Failed parsing app '/home/john/src/Fenrus/Dotnet/Apps/Smart/EpicGames/app.json': The JSON value could not be converted to System.Nullable`1[Fenrus.ItemSize]. Path: $.DefaultSize | LineNumber: 4 | BytePositionInLine: 26.
2022-12-14 14:06:21.2664 [ERROR] => Failed parsing app '/home/john/src/Fenrus/Dotnet/Apps/Smart/Emby/app.json': The JSON value could not be converted to System.Nullable`1[Fenrus.ItemSize]. Path: $.DefaultSize | LineNumber: 5 | BytePositionInLine: 25.
2022-12-14 14:07:04.2285 [ERROR] => Failed parsing app '/home/john/src/Fenrus/Dotnet/Apps/Smart/Steam/app.json': The JSON value could not be converted to System.Nullable`1[Fenrus.ItemSize]. Path: $.DefaultSize | LineNumber: 5 | BytePositionInLine: 26.
2022-12-14 14:07:04.2828 [ERROR] => Failed parsing app '/home/john/src/Fenrus/Dotnet/Apps/Smart/Jellyfin/app.json': The JSON value could not be converted to System.Nullable`1[Fenrus.ItemSize]. Path: $.DefaultSize | LineNumber: 5 | BytePositionInLine: 25.
2022-12-14 14:07:04.2940 [ERROR] => Failed parsing app '/home/john/src/Fenrus/Dotnet/Apps/Smart/GOG/app.json': The JSON value could not be converted to System.Nullable`1[Fenrus.ItemSize]. Path: $.DefaultSize | LineNumber: 4 | BytePositionInLine: 23.
2022-12-14 14:07:04.3081 [ERROR] => Failed parsing app '/home/john/src/Fenrus/Dotnet/Apps/Smart/EpicGames/app.json': The JSON value could not be converted to System.Nullable`1[Fenrus.ItemSize]. Path: $.DefaultSize | LineNumber: 4 | BytePositionInLine: 26.
2022-12-14 14:07:04.3177 [ERROR] => Failed parsing app '/home/john/src/Fenrus/Dotnet/Apps/Smart/Emby/app.json': The JSON value could not be converted to System.Nullable`1[Fenrus.ItemSize]. Path: $.DefaultSize | LineNumber: 5 | BytePositionInLine: 25.
2022-12-14 14:14:33.2549 [ERROR] => Failed parsing app '/home/john/src/Fenrus/Dotnet/Apps/Smart/Steam/app.json': The JSON value could not be converted to System.Nullable`1[Fenrus.ItemSize]. Path: $.DefaultSize | LineNumber: 5 | BytePositionInLine: 26.
2022-12-14 14:14:33.3061 [ERROR] => Failed parsing app '/home/john/src/Fenrus/Dotnet/Apps/Smart/Jellyfin/app.json': The JSON value could not be converted to System.Nullable`1[Fenrus.ItemSize]. Path: $.DefaultSize | LineNumber: 5 | BytePositionInLine: 25.
2022-12-14 14:14:33.3145 [ERROR] => Failed parsing app '/home/john/src/Fenrus/Dotnet/Apps/Smart/GOG/app.json': The JSON value could not be converted to System.Nullable`1[Fenrus.ItemSize]. Path: $.DefaultSize | LineNumber: 4 | BytePositionInLine: 23.
2022-12-14 14:14:33.3239 [ERROR] => Failed parsing app '/home/john/src/Fenrus/Dotnet/Apps/Smart/EpicGames/app.json': The JSON value could not be converted to System.Nullable`1[Fenrus.ItemSize]. Path: $.DefaultSize | LineNumber: 4 | BytePositionInLine: 26.
2022-12-14 14:14:33.3321 [ERROR] => Failed parsing app '/home/john/src/Fenrus/Dotnet/Apps/Smart/Emby/app.json': The JSON value could not be converted to System.Nullable`1[Fenrus.ItemSize]. Path: $.DefaultSize | LineNumber: 5 | BytePositionInLine: 25.
2022-12-14 14:15:28.9937 [ERROR] => Failed parsing app '/home/john/src/Fenrus/Dotnet/Apps/Smart/Steam/app.json': The JSON value could not be converted to System.Nullable`1[Fenrus.ItemSize]. Path: $.DefaultSize | LineNumber: 5 | BytePositionInLine: 26.
2022-12-14 14:15:29.0553 [ERROR] => Failed parsing app '/home/john/src/Fenrus/Dotnet/Apps/Smart/Jellyfin/app.json': The JSON value could not be converted to System.Nullable`1[Fenrus.ItemSize]. Path: $.DefaultSize | LineNumber: 5 | BytePositionInLine: 25.
2022-12-14 14:15:29.0631 [ERROR] => Failed parsing app '/home/john/src/Fenrus/Dotnet/Apps/Smart/GOG/app.json': The JSON value could not be converted to System.Nullable`1[Fenrus.ItemSize]. Path: $.DefaultSize | LineNumber: 4 | BytePositionInLine: 23.
2022-12-14 14:15:29.0711 [ERROR] => Failed parsing app '/home/john/src/Fenrus/Dotnet/Apps/Smart/EpicGames/app.json': The JSON value could not be converted to System.Nullable`1[Fenrus.ItemSize]. Path: $.DefaultSize | LineNumber: 4 | BytePositionInLine: 26.
2022-12-14 14:15:29.0789 [ERROR] => Failed parsing app '/home/john/src/Fenrus/Dotnet/Apps/Smart/Emby/app.json': The JSON value could not be converted to System.Nullable`1[Fenrus.ItemSize]. Path: $.DefaultSize | LineNumber: 5 | BytePositionInLine: 25.
2022-12-14 14:35:41.9405 [ERROR] => Failed parsing app '/home/john/src/Fenrus/Dotnet/Apps/Smart/Steam/app.json': The JSON value could not be converted to System.Nullable`1[Fenrus.ItemSize]. Path: $.DefaultSize | LineNumber: 5 | BytePositionInLine: 26.
2022-12-14 14:35:42.0022 [ERROR] => Failed parsing app '/home/john/src/Fenrus/Dotnet/Apps/Smart/Jellyfin/app.json': The JSON value could not be converted to System.Nullable`1[Fenrus.ItemSize]. Path: $.DefaultSize | LineNumber: 5 | BytePositionInLine: 25.
2022-12-14 14:35:42.0117 [ERROR] => Failed parsing app '/home/john/src/Fenrus/Dotnet/Apps/Smart/GOG/app.json': The JSON value could not be converted to System.Nullable`1[Fenrus.ItemSize]. Path: $.DefaultSize | LineNumber: 4 | BytePositionInLine: 23.
2022-12-14 14:35:42.0202 [ERROR] => Failed parsing app '/home/john/src/Fenrus/Dotnet/Apps/Smart/EpicGames/app.json': The JSON value could not be converted to System.Nullable`1[Fenrus.ItemSize]. Path: $.DefaultSize | LineNumber: 4 | BytePositionInLine: 26.
2022-12-14 14:35:42.0286 [ERROR] => Failed parsing app '/home/john/src/Fenrus/Dotnet/Apps/Smart/Emby/app.json': The JSON value could not be converted to System.Nullable`1[Fenrus.ItemSize]. Path: $.DefaultSize | LineNumber: 5 | BytePositionInLine: 25.
2022-12-14 14:36:35.7741 [ERROR] => Failed parsing app '/home/john/src/Fenrus/Dotnet/Apps/Smart/Steam/app.json': The JSON value could not be converted to System.Nullable`1[Fenrus.ItemSize]. Path: $.DefaultSize | LineNumber: 5 | BytePositionInLine: 26.
2022-12-14 14:36:35.8241 [ERROR] => Failed parsing app '/home/john/src/Fenrus/Dotnet/Apps/Smart/Jellyfin/app.json': The JSON value could not be converted to System.Nullable`1[Fenrus.ItemSize]. Path: $.DefaultSize | LineNumber: 5 | BytePositionInLine: 25.
2022-12-14 14:36:35.8324 [ERROR] => Failed parsing app '/home/john/src/Fenrus/Dotnet/Apps/Smart/GOG/app.json': The JSON value could not be converted to System.Nullable`1[Fenrus.ItemSize]. Path: $.DefaultSize | LineNumber: 4 | BytePositionInLine: 23.
2022-12-14 14:36:35.8401 [ERROR] => Failed parsing app '/home/john/src/Fenrus/Dotnet/Apps/Smart/EpicGames/app.json': The JSON value could not be converted to System.Nullable`1[Fenrus.ItemSize]. Path: $.DefaultSize | LineNumber: 4 | BytePositionInLine: 26.
2022-12-14 14:36:35.8476 [ERROR] => Failed parsing app '/home/john/src/Fenrus/Dotnet/Apps/Smart/Emby/app.json': The JSON value could not be converted to System.Nullable`1[Fenrus.ItemSize]. Path: $.DefaultSize | LineNumber: 5 | BytePositionInLine: 25.
2022-12-14 14:37:55.9777 [ERROR] => Failed parsing app '/home/john/src/Fenrus/Dotnet/Apps/Smart/Steam/app.json': The JSON value could not be converted to System.Nullable`1[Fenrus.ItemSize]. Path: $.DefaultSize | LineNumber: 5 | BytePositionInLine: 26.
2022-12-14 14:37:56.0281 [ERROR] => Failed parsing app '/home/john/src/Fenrus/Dotnet/Apps/Smart/Jellyfin/app.json': The JSON value could not be converted to System.Nullable`1[Fenrus.ItemSize]. Path: $.DefaultSize | LineNumber: 5 | BytePositionInLine: 25.
2022-12-14 14:37:56.0373 [ERROR] => Failed parsing app '/home/john/src/Fenrus/Dotnet/Apps/Smart/GOG/app.json': The JSON value could not be converted to System.Nullable`1[Fenrus.ItemSize]. Path: $.DefaultSize | LineNumber: 4 | BytePositionInLine: 23.
2022-12-14 14:37:56.0473 [ERROR] => Failed parsing app '/home/john/src/Fenrus/Dotnet/Apps/Smart/EpicGames/app.json': The JSON value could not be converted to System.Nullable`1[Fenrus.ItemSize]. Path: $.DefaultSize | LineNumber: 4 | BytePositionInLine: 26.
2022-12-14 14:37:56.0557 [ERROR] => Failed parsing app '/home/john/src/Fenrus/Dotnet/Apps/Smart/Emby/app.json': The JSON value could not be converted to System.Nullable`1[Fenrus.ItemSize]. Path: $.DefaultSize | LineNumber: 5 | BytePositionInLine: 25.
2022-12-14 14:38:25.5661 [ERROR] => Failed parsing app '/home/john/src/Fenrus/Dotnet/Apps/Smart/Steam/app.json': The JSON value could not be converted to System.Nullable`1[Fenrus.ItemSize]. Path: $.DefaultSize | LineNumber: 5 | BytePositionInLine: 26.
2022-12-14 14:38:25.6177 [ERROR] => Failed parsing app '/home/john/src/Fenrus/Dotnet/Apps/Smart/Jellyfin/app.json': The JSON value could not be converted to System.Nullable`1[Fenrus.ItemSize]. Path: $.DefaultSize | LineNumber: 5 | BytePositionInLine: 25.
2022-12-14 14:38:25.6257 [ERROR] => Failed parsing app '/home/john/src/Fenrus/Dotnet/Apps/Smart/GOG/app.json': The JSON value could not be converted to System.Nullable`1[Fenrus.ItemSize]. Path: $.DefaultSize | LineNumber: 4 | BytePositionInLine: 23.
2022-12-14 14:38:25.6338 [ERROR] => Failed parsing app '/home/john/src/Fenrus/Dotnet/Apps/Smart/EpicGames/app.json': The JSON value could not be converted to System.Nullable`1[Fenrus.ItemSize]. Path: $.DefaultSize | LineNumber: 4 | BytePositionInLine: 26.
2022-12-14 14:38:25.6417 [ERROR] => Failed parsing app '/home/john/src/Fenrus/Dotnet/Apps/Smart/Emby/app.json': The JSON value could not be converted to System.Nullable`1[Fenrus.ItemSize]. Path: $.DefaultSize | LineNumber: 5 | BytePositionInLine: 25.
2022-12-14 18:14:57.8227 [ERROR] => Failed parsing app '/home/john/src/Fenrus/Dotnet/Apps/Smart/Steam/app.json': The JSON value could not be converted to System.Nullable`1[Fenrus.ItemSize]. Path: $.DefaultSize | LineNumber: 5 | BytePositionInLine: 26.
2022-12-14 18:14:57.8732 [ERROR] => Failed parsing app '/home/john/src/Fenrus/Dotnet/Apps/Smart/Jellyfin/app.json': The JSON value could not be converted to System.Nullable`1[Fenrus.ItemSize]. Path: $.DefaultSize | LineNumber: 5 | BytePositionInLine: 25.
2022-12-14 18:14:57.8812 [ERROR] => Failed parsing app '/home/john/src/Fenrus/Dotnet/Apps/Smart/GOG/app.json': The JSON value could not be converted to System.Nullable`1[Fenrus.ItemSize]. Path: $.DefaultSize | LineNumber: 4 | BytePositionInLine: 23.
2022-12-14 18:14:57.8890 [ERROR] => Failed parsing app '/home/john/src/Fenrus/Dotnet/Apps/Smart/EpicGames/app.json': The JSON value could not be converted to System.Nullable`1[Fenrus.ItemSize]. Path: $.DefaultSize | LineNumber: 4 | BytePositionInLine: 26.
2022-12-14 18:14:57.8968 [ERROR] => Failed parsing app '/home/john/src/Fenrus/Dotnet/Apps/Smart/Emby/app.json': The JSON value could not be converted to System.Nullable`1[Fenrus.ItemSize]. Path: $.DefaultSize | LineNumber: 5 | BytePositionInLine: 25.
2022-12-14 18:23:45.2120 [ERROR] => Failed parsing app '/home/john/src/Fenrus/Dotnet/Apps/Smart/Steam/app.json': The JSON value could not be converted to System.Nullable`1[Fenrus.ItemSize]. Path: $.DefaultSize | LineNumber: 5 | BytePositionInLine: 26.
2022-12-14 18:23:45.2631 [ERROR] => Failed parsing app '/home/john/src/Fenrus/Dotnet/Apps/Smart/Jellyfin/app.json': The JSON value could not be converted to System.Nullable`1[Fenrus.ItemSize]. Path: $.DefaultSize | LineNumber: 5 | BytePositionInLine: 25.
2022-12-14 18:23:45.2715 [ERROR] => Failed parsing app '/home/john/src/Fenrus/Dotnet/Apps/Smart/GOG/app.json': The JSON value could not be converted to System.Nullable`1[Fenrus.ItemSize]. Path: $.DefaultSize | LineNumber: 4 | BytePositionInLine: 23.
2022-12-14 18:23:45.2786 [ERROR] => Failed parsing app '/home/john/src/Fenrus/Dotnet/Apps/Smart/EpicGames/app.json': The JSON value could not be converted to System.Nullable`1[Fenrus.ItemSize]. Path: $.DefaultSize | LineNumber: 4 | BytePositionInLine: 26.
2022-12-14 18:23:45.2855 [ERROR] => Failed parsing app '/home/john/src/Fenrus/Dotnet/Apps/Smart/Emby/app.json': The JSON value could not be converted to System.Nullable`1[Fenrus.ItemSize]. Path: $.DefaultSize | LineNumber: 5 | BytePositionInLine: 25.
2022-12-14 18:25:09.4038 [ERROR] => Failed parsing app '/home/john/src/Fenrus/Dotnet/Apps/Smart/Steam/app.json': The JSON value could not be converted to System.Nullable`1[Fenrus.ItemSize]. Path: $.DefaultSize | LineNumber: 5 | BytePositionInLine: 26.
2022-12-14 18:25:09.4545 [ERROR] => Failed parsing app '/home/john/src/Fenrus/Dotnet/Apps/Smart/Jellyfin/app.json': The JSON value could not be converted to System.Nullable`1[Fenrus.ItemSize]. Path: $.DefaultSize | LineNumber: 5 | BytePositionInLine: 25.
2022-12-14 18:25:09.4651 [ERROR] => Failed parsing app '/home/john/src/Fenrus/Dotnet/Apps/Smart/GOG/app.json': The JSON value could not be converted to System.Nullable`1[Fenrus.ItemSize]. Path: $.DefaultSize | LineNumber: 4 | BytePositionInLine: 23.
2022-12-14 18:25:09.4738 [ERROR] => Failed parsing app '/home/john/src/Fenrus/Dotnet/Apps/Smart/EpicGames/app.json': The JSON value could not be converted to System.Nullable`1[Fenrus.ItemSize]. Path: $.DefaultSize | LineNumber: 4 | BytePositionInLine: 26.
2022-12-14 18:25:09.4823 [ERROR] => Failed parsing app '/home/john/src/Fenrus/Dotnet/Apps/Smart/Emby/app.json': The JSON value could not be converted to System.Nullable`1[Fenrus.ItemSize]. Path: $.DefaultSize | LineNumber: 5 | BytePositionInLine: 25.
