2022-12-19 10:08:42.1682 [ERROR] => Failed parsing app '/home/john/src/Fenrus/Dotnet/Apps/Smart/Steam/app.json': The JSON value could not be converted to System.Nullable`1[Fenrus.ItemSize]. Path: $.DefaultSize | LineNumber: 5 | BytePositionInLine: 26.
2022-12-19 10:08:42.2278 [ERROR] => Failed parsing app '/home/john/src/Fenrus/Dotnet/Apps/Smart/Jellyfin/app.json': The JSON value could not be converted to System.Nullable`1[Fenrus.ItemSize]. Path: $.DefaultSize | LineNumber: 5 | BytePositionInLine: 25.
2022-12-19 10:08:42.2372 [ERROR] => Failed parsing app '/home/john/src/Fenrus/Dotnet/Apps/Smart/GOG/app.json': The JSON value could not be converted to System.Nullable`1[Fenrus.ItemSize]. Path: $.DefaultSize | LineNumber: 4 | BytePositionInLine: 23.
2022-12-19 10:08:42.2467 [ERROR] => Failed parsing app '/home/john/src/Fenrus/Dotnet/Apps/Smart/EpicGames/app.json': The JSON value could not be converted to System.Nullable`1[Fenrus.ItemSize]. Path: $.DefaultSize | LineNumber: 4 | BytePositionInLine: 26.
2022-12-19 10:08:42.2559 [ERROR] => Failed parsing app '/home/john/src/Fenrus/Dotnet/Apps/Smart/Emby/app.json': The JSON value could not be converted to System.Nullable`1[Fenrus.ItemSize]. Path: $.DefaultSize | LineNumber: 5 | BytePositionInLine: 25.
2022-12-19 10:09:41.2003 [ERROR] => Failed parsing app '/home/john/src/Fenrus/Dotnet/Apps/Smart/Steam/app.json': The JSON value could not be converted to System.Nullable`1[Fenrus.ItemSize]. Path: $.DefaultSize | LineNumber: 5 | BytePositionInLine: 26.
2022-12-19 10:09:41.2573 [ERROR] => Failed parsing app '/home/john/src/Fenrus/Dotnet/Apps/Smart/Jellyfin/app.json': The JSON value could not be converted to System.Nullable`1[Fenrus.ItemSize]. Path: $.DefaultSize | LineNumber: 5 | BytePositionInLine: 25.
2022-12-19 10:09:41.2668 [ERROR] => Failed parsing app '/home/john/src/Fenrus/Dotnet/Apps/Smart/GOG/app.json': The JSON value could not be converted to System.Nullable`1[Fenrus.ItemSize]. Path: $.DefaultSize | LineNumber: 4 | BytePositionInLine: 23.
2022-12-19 10:09:41.2760 [ERROR] => Failed parsing app '/home/john/src/Fenrus/Dotnet/Apps/Smart/EpicGames/app.json': The JSON value could not be converted to System.Nullable`1[Fenrus.ItemSize]. Path: $.DefaultSize | LineNumber: 4 | BytePositionInLine: 26.
2022-12-19 10:09:41.2854 [ERROR] => Failed parsing app '/home/john/src/Fenrus/Dotnet/Apps/Smart/Emby/app.json': The JSON value could not be converted to System.Nullable`1[Fenrus.ItemSize]. Path: $.DefaultSize | LineNumber: 5 | BytePositionInLine: 25.
2022-12-19 10:11:50.0227 [ERROR] => Failed parsing app '/home/john/src/Fenrus/Dotnet/Apps/Smart/Steam/app.json': The JSON value could not be converted to System.Nullable`1[Fenrus.ItemSize]. Path: $.DefaultSize | LineNumber: 5 | BytePositionInLine: 26.
2022-12-19 10:11:50.0740 [ERROR] => Failed parsing app '/home/john/src/Fenrus/Dotnet/Apps/Smart/Jellyfin/app.json': The JSON value could not be converted to System.Nullable`1[Fenrus.ItemSize]. Path: $.DefaultSize | LineNumber: 5 | BytePositionInLine: 25.
2022-12-19 10:11:50.0837 [ERROR] => Failed parsing app '/home/john/src/Fenrus/Dotnet/Apps/Smart/GOG/app.json': The JSON value could not be converted to System.Nullable`1[Fenrus.ItemSize]. Path: $.DefaultSize | LineNumber: 4 | BytePositionInLine: 23.
2022-12-19 10:11:50.0918 [ERROR] => Failed parsing app '/home/john/src/Fenrus/Dotnet/Apps/Smart/EpicGames/app.json': The JSON value could not be converted to System.Nullable`1[Fenrus.ItemSize]. Path: $.DefaultSize | LineNumber: 4 | BytePositionInLine: 26.
2022-12-19 10:11:50.0993 [ERROR] => Failed parsing app '/home/john/src/Fenrus/Dotnet/Apps/Smart/Emby/app.json': The JSON value could not be converted to System.Nullable`1[Fenrus.ItemSize]. Path: $.DefaultSize | LineNumber: 5 | BytePositionInLine: 25.
2022-12-19 10:23:35.0050 [ERROR] => Failed parsing app '/home/john/src/Fenrus/Dotnet/Apps/Smart/Steam/app.json': The JSON value could not be converted to System.Nullable`1[Fenrus.ItemSize]. Path: $.DefaultSize | LineNumber: 5 | BytePositionInLine: 26.
2022-12-19 10:23:35.0620 [ERROR] => Failed parsing app '/home/john/src/Fenrus/Dotnet/Apps/Smart/Jellyfin/app.json': The JSON value could not be converted to System.Nullable`1[Fenrus.ItemSize]. Path: $.DefaultSize | LineNumber: 5 | BytePositionInLine: 25.
2022-12-19 10:23:35.0708 [ERROR] => Failed parsing app '/home/john/src/Fenrus/Dotnet/Apps/Smart/GOG/app.json': The JSON value could not be converted to System.Nullable`1[Fenrus.ItemSize]. Path: $.DefaultSize | LineNumber: 4 | BytePositionInLine: 23.
2022-12-19 10:23:35.0804 [ERROR] => Failed parsing app '/home/john/src/Fenrus/Dotnet/Apps/Smart/EpicGames/app.json': The JSON value could not be converted to System.Nullable`1[Fenrus.ItemSize]. Path: $.DefaultSize | LineNumber: 4 | BytePositionInLine: 26.
2022-12-19 10:23:35.0890 [ERROR] => Failed parsing app '/home/john/src/Fenrus/Dotnet/Apps/Smart/Emby/app.json': The JSON value could not be converted to System.Nullable`1[Fenrus.ItemSize]. Path: $.DefaultSize | LineNumber: 5 | BytePositionInLine: 25.
2022-12-19 10:26:17.2562 [ERROR] => Failed parsing app '/home/john/src/Fenrus/Dotnet/Apps/Smart/Steam/app.json': The JSON value could not be converted to System.Nullable`1[Fenrus.ItemSize]. Path: $.DefaultSize | LineNumber: 5 | BytePositionInLine: 26.
2022-12-19 10:26:17.3111 [ERROR] => Failed parsing app '/home/john/src/Fenrus/Dotnet/Apps/Smart/Jellyfin/app.json': The JSON value could not be converted to System.Nullable`1[Fenrus.ItemSize]. Path: $.DefaultSize | LineNumber: 5 | BytePositionInLine: 25.
2022-12-19 10:26:17.3224 [ERROR] => Failed parsing app '/home/john/src/Fenrus/Dotnet/Apps/Smart/GOG/app.json': The JSON value could not be converted to System.Nullable`1[Fenrus.ItemSize]. Path: $.DefaultSize | LineNumber: 4 | BytePositionInLine: 23.
2022-12-19 10:26:17.3321 [ERROR] => Failed parsing app '/home/john/src/Fenrus/Dotnet/Apps/Smart/EpicGames/app.json': The JSON value could not be converted to System.Nullable`1[Fenrus.ItemSize]. Path: $.DefaultSize | LineNumber: 4 | BytePositionInLine: 26.
2022-12-19 10:26:17.3411 [ERROR] => Failed parsing app '/home/john/src/Fenrus/Dotnet/Apps/Smart/Emby/app.json': The JSON value could not be converted to System.Nullable`1[Fenrus.ItemSize]. Path: $.DefaultSize | LineNumber: 5 | BytePositionInLine: 25.
2022-12-19 10:27:04.7674 [ERROR] => Failed parsing app '/home/john/src/Fenrus/Dotnet/Apps/Smart/Steam/app.json': The JSON value could not be converted to System.Nullable`1[Fenrus.ItemSize]. Path: $.DefaultSize | LineNumber: 5 | BytePositionInLine: 26.
2022-12-19 10:27:04.8195 [ERROR] => Failed parsing app '/home/john/src/Fenrus/Dotnet/Apps/Smart/Jellyfin/app.json': The JSON value could not be converted to System.Nullable`1[Fenrus.ItemSize]. Path: $.DefaultSize | LineNumber: 5 | BytePositionInLine: 25.
2022-12-19 10:27:04.8279 [ERROR] => Failed parsing app '/home/john/src/Fenrus/Dotnet/Apps/Smart/GOG/app.json': The JSON value could not be converted to System.Nullable`1[Fenrus.ItemSize]. Path: $.DefaultSize | LineNumber: 4 | BytePositionInLine: 23.
2022-12-19 10:27:04.8364 [ERROR] => Failed parsing app '/home/john/src/Fenrus/Dotnet/Apps/Smart/EpicGames/app.json': The JSON value could not be converted to System.Nullable`1[Fenrus.ItemSize]. Path: $.DefaultSize | LineNumber: 4 | BytePositionInLine: 26.
2022-12-19 10:27:04.8444 [ERROR] => Failed parsing app '/home/john/src/Fenrus/Dotnet/Apps/Smart/Emby/app.json': The JSON value could not be converted to System.Nullable`1[Fenrus.ItemSize]. Path: $.DefaultSize | LineNumber: 5 | BytePositionInLine: 25.
2022-12-19 10:29:09.6754 [ERROR] => Failed parsing app '/home/john/src/Fenrus/Dotnet/Apps/Smart/Steam/app.json': The JSON value could not be converted to System.Nullable`1[Fenrus.ItemSize]. Path: $.DefaultSize | LineNumber: 5 | BytePositionInLine: 26.
2022-12-19 10:29:09.7281 [ERROR] => Failed parsing app '/home/john/src/Fenrus/Dotnet/Apps/Smart/Jellyfin/app.json': The JSON value could not be converted to System.Nullable`1[Fenrus.ItemSize]. Path: $.DefaultSize | LineNumber: 5 | BytePositionInLine: 25.
2022-12-19 10:29:09.7370 [ERROR] => Failed parsing app '/home/john/src/Fenrus/Dotnet/Apps/Smart/GOG/app.json': The JSON value could not be converted to System.Nullable`1[Fenrus.ItemSize]. Path: $.DefaultSize | LineNumber: 4 | BytePositionInLine: 23.
2022-12-19 10:29:09.7452 [ERROR] => Failed parsing app '/home/john/src/Fenrus/Dotnet/Apps/Smart/EpicGames/app.json': The JSON value could not be converted to System.Nullable`1[Fenrus.ItemSize]. Path: $.DefaultSize | LineNumber: 4 | BytePositionInLine: 26.
2022-12-19 10:29:09.7532 [ERROR] => Failed parsing app '/home/john/src/Fenrus/Dotnet/Apps/Smart/Emby/app.json': The JSON value could not be converted to System.Nullable`1[Fenrus.ItemSize]. Path: $.DefaultSize | LineNumber: 5 | BytePositionInLine: 25.
2022-12-19 10:30:01.1108 [ERROR] => Failed parsing app '/home/john/src/Fenrus/Dotnet/Apps/Smart/Steam/app.json': The JSON value could not be converted to System.Nullable`1[Fenrus.ItemSize]. Path: $.DefaultSize | LineNumber: 5 | BytePositionInLine: 26.
2022-12-19 10:30:01.1646 [ERROR] => Failed parsing app '/home/john/src/Fenrus/Dotnet/Apps/Smart/Jellyfin/app.json': The JSON value could not be converted to System.Nullable`1[Fenrus.ItemSize]. Path: $.DefaultSize | LineNumber: 5 | BytePositionInLine: 25.
2022-12-19 10:30:01.1756 [ERROR] => Failed parsing app '/home/john/src/Fenrus/Dotnet/Apps/Smart/GOG/app.json': The JSON value could not be converted to System.Nullable`1[Fenrus.ItemSize]. Path: $.DefaultSize | LineNumber: 4 | BytePositionInLine: 23.
2022-12-19 10:30:01.1859 [ERROR] => Failed parsing app '/home/john/src/Fenrus/Dotnet/Apps/Smart/EpicGames/app.json': The JSON value could not be converted to System.Nullable`1[Fenrus.ItemSize]. Path: $.DefaultSize | LineNumber: 4 | BytePositionInLine: 26.
2022-12-19 10:30:01.1957 [ERROR] => Failed parsing app '/home/john/src/Fenrus/Dotnet/Apps/Smart/Emby/app.json': The JSON value could not be converted to System.Nullable`1[Fenrus.ItemSize]. Path: $.DefaultSize | LineNumber: 5 | BytePositionInLine: 25.
2022-12-19 10:32:36.2457 [ERROR] => Failed parsing app '/home/john/src/Fenrus/Dotnet/Apps/Smart/Steam/app.json': The JSON value could not be converted to System.Nullable`1[Fenrus.ItemSize]. Path: $.DefaultSize | LineNumber: 5 | BytePositionInLine: 26.
2022-12-19 10:32:36.2987 [ERROR] => Failed parsing app '/home/john/src/Fenrus/Dotnet/Apps/Smart/Jellyfin/app.json': The JSON value could not be converted to System.Nullable`1[Fenrus.ItemSize]. Path: $.DefaultSize | LineNumber: 5 | BytePositionInLine: 25.
2022-12-19 10:32:36.3089 [ERROR] => Failed parsing app '/home/john/src/Fenrus/Dotnet/Apps/Smart/GOG/app.json': The JSON value could not be converted to System.Nullable`1[Fenrus.ItemSize]. Path: $.DefaultSize | LineNumber: 4 | BytePositionInLine: 23.
2022-12-19 10:32:36.3188 [ERROR] => Failed parsing app '/home/john/src/Fenrus/Dotnet/Apps/Smart/EpicGames/app.json': The JSON value could not be converted to System.Nullable`1[Fenrus.ItemSize]. Path: $.DefaultSize | LineNumber: 4 | BytePositionInLine: 26.
2022-12-19 10:32:36.3292 [ERROR] => Failed parsing app '/home/john/src/Fenrus/Dotnet/Apps/Smart/Emby/app.json': The JSON value could not be converted to System.Nullable`1[Fenrus.ItemSize]. Path: $.DefaultSize | LineNumber: 5 | BytePositionInLine: 25.
2022-12-19 10:33:25.9406 [ERROR] => Failed parsing app '/home/john/src/Fenrus/Dotnet/Apps/Smart/Steam/app.json': The JSON value could not be converted to System.Nullable`1[Fenrus.ItemSize]. Path: $.DefaultSize | LineNumber: 5 | BytePositionInLine: 26.
2022-12-19 10:33:25.9971 [ERROR] => Failed parsing app '/home/john/src/Fenrus/Dotnet/Apps/Smart/Jellyfin/app.json': The JSON value could not be converted to System.Nullable`1[Fenrus.ItemSize]. Path: $.DefaultSize | LineNumber: 5 | BytePositionInLine: 25.
2022-12-19 10:33:26.0086 [ERROR] => Failed parsing app '/home/john/src/Fenrus/Dotnet/Apps/Smart/GOG/app.json': The JSON value could not be converted to System.Nullable`1[Fenrus.ItemSize]. Path: $.DefaultSize | LineNumber: 4 | BytePositionInLine: 23.
2022-12-19 10:33:26.0197 [ERROR] => Failed parsing app '/home/john/src/Fenrus/Dotnet/Apps/Smart/EpicGames/app.json': The JSON value could not be converted to System.Nullable`1[Fenrus.ItemSize]. Path: $.DefaultSize | LineNumber: 4 | BytePositionInLine: 26.
2022-12-19 10:33:26.0320 [ERROR] => Failed parsing app '/home/john/src/Fenrus/Dotnet/Apps/Smart/Emby/app.json': The JSON value could not be converted to System.Nullable`1[Fenrus.ItemSize]. Path: $.DefaultSize | LineNumber: 5 | BytePositionInLine: 25.
2022-12-19 10:34:13.9497 [ERROR] => Failed parsing app '/home/john/src/Fenrus/Dotnet/Apps/Smart/Steam/app.json': The JSON value could not be converted to System.Nullable`1[Fenrus.ItemSize]. Path: $.DefaultSize | LineNumber: 5 | BytePositionInLine: 26.
2022-12-19 10:34:14.0042 [ERROR] => Failed parsing app '/home/john/src/Fenrus/Dotnet/Apps/Smart/Jellyfin/app.json': The JSON value could not be converted to System.Nullable`1[Fenrus.ItemSize]. Path: $.DefaultSize | LineNumber: 5 | BytePositionInLine: 25.
2022-12-19 10:34:14.0128 [ERROR] => Failed parsing app '/home/john/src/Fenrus/Dotnet/Apps/Smart/GOG/app.json': The JSON value could not be converted to System.Nullable`1[Fenrus.ItemSize]. Path: $.DefaultSize | LineNumber: 4 | BytePositionInLine: 23.
2022-12-19 10:34:14.0212 [ERROR] => Failed parsing app '/home/john/src/Fenrus/Dotnet/Apps/Smart/EpicGames/app.json': The JSON value could not be converted to System.Nullable`1[Fenrus.ItemSize]. Path: $.DefaultSize | LineNumber: 4 | BytePositionInLine: 26.
2022-12-19 10:34:14.0304 [ERROR] => Failed parsing app '/home/john/src/Fenrus/Dotnet/Apps/Smart/Emby/app.json': The JSON value could not be converted to System.Nullable`1[Fenrus.ItemSize]. Path: $.DefaultSize | LineNumber: 5 | BytePositionInLine: 25.
2022-12-19 10:36:51.4604 [ERROR] => Failed parsing app '/home/john/src/Fenrus/Dotnet/Apps/Smart/Steam/app.json': The JSON value could not be converted to System.Nullable`1[Fenrus.ItemSize]. Path: $.DefaultSize | LineNumber: 5 | BytePositionInLine: 26.
2022-12-19 10:36:51.5131 [ERROR] => Failed parsing app '/home/john/src/Fenrus/Dotnet/Apps/Smart/Jellyfin/app.json': The JSON value could not be converted to System.Nullable`1[Fenrus.ItemSize]. Path: $.DefaultSize | LineNumber: 5 | BytePositionInLine: 25.
2022-12-19 10:36:51.5215 [ERROR] => Failed parsing app '/home/john/src/Fenrus/Dotnet/Apps/Smart/GOG/app.json': The JSON value could not be converted to System.Nullable`1[Fenrus.ItemSize]. Path: $.DefaultSize | LineNumber: 4 | BytePositionInLine: 23.
2022-12-19 10:36:51.5297 [ERROR] => Failed parsing app '/home/john/src/Fenrus/Dotnet/Apps/Smart/EpicGames/app.json': The JSON value could not be converted to System.Nullable`1[Fenrus.ItemSize]. Path: $.DefaultSize | LineNumber: 4 | BytePositionInLine: 26.
2022-12-19 10:36:51.5380 [ERROR] => Failed parsing app '/home/john/src/Fenrus/Dotnet/Apps/Smart/Emby/app.json': The JSON value could not be converted to System.Nullable`1[Fenrus.ItemSize]. Path: $.DefaultSize | LineNumber: 5 | BytePositionInLine: 25.
2022-12-19 10:39:08.5912 [ERROR] => Failed parsing app '/home/john/src/Fenrus/Dotnet/Apps/Smart/Steam/app.json': The JSON value could not be converted to System.Nullable`1[Fenrus.ItemSize]. Path: $.DefaultSize | LineNumber: 5 | BytePositionInLine: 26.
2022-12-19 10:39:08.6433 [ERROR] => Failed parsing app '/home/john/src/Fenrus/Dotnet/Apps/Smart/Jellyfin/app.json': The JSON value could not be converted to System.Nullable`1[Fenrus.ItemSize]. Path: $.DefaultSize | LineNumber: 5 | BytePositionInLine: 25.
2022-12-19 10:39:08.6519 [ERROR] => Failed parsing app '/home/john/src/Fenrus/Dotnet/Apps/Smart/GOG/app.json': The JSON value could not be converted to System.Nullable`1[Fenrus.ItemSize]. Path: $.DefaultSize | LineNumber: 4 | BytePositionInLine: 23.
2022-12-19 10:39:08.6604 [ERROR] => Failed parsing app '/home/john/src/Fenrus/Dotnet/Apps/Smart/EpicGames/app.json': The JSON value could not be converted to System.Nullable`1[Fenrus.ItemSize]. Path: $.DefaultSize | LineNumber: 4 | BytePositionInLine: 26.
2022-12-19 10:39:08.6693 [ERROR] => Failed parsing app '/home/john/src/Fenrus/Dotnet/Apps/Smart/Emby/app.json': The JSON value could not be converted to System.Nullable`1[Fenrus.ItemSize]. Path: $.DefaultSize | LineNumber: 5 | BytePositionInLine: 25.
2022-12-19 13:47:34.4440 [ERROR] => Failed parsing app '/home/john/src/Fenrus/Dotnet/Apps/Smart/Steam/app.json': The JSON value could not be converted to System.Nullable`1[Fenrus.ItemSize]. Path: $.DefaultSize | LineNumber: 5 | BytePositionInLine: 26.
2022-12-19 13:47:34.5112 [ERROR] => Failed parsing app '/home/john/src/Fenrus/Dotnet/Apps/Smart/Jellyfin/app.json': The JSON value could not be converted to System.Nullable`1[Fenrus.ItemSize]. Path: $.DefaultSize | LineNumber: 5 | BytePositionInLine: 25.
2022-12-19 13:47:34.5209 [ERROR] => Failed parsing app '/home/john/src/Fenrus/Dotnet/Apps/Smart/GOG/app.json': The JSON value could not be converted to System.Nullable`1[Fenrus.ItemSize]. Path: $.DefaultSize | LineNumber: 4 | BytePositionInLine: 23.
2022-12-19 13:47:34.5297 [ERROR] => Failed parsing app '/home/john/src/Fenrus/Dotnet/Apps/Smart/EpicGames/app.json': The JSON value could not be converted to System.Nullable`1[Fenrus.ItemSize]. Path: $.DefaultSize | LineNumber: 4 | BytePositionInLine: 26.
2022-12-19 13:47:34.5390 [ERROR] => Failed parsing app '/home/john/src/Fenrus/Dotnet/Apps/Smart/Emby/app.json': The JSON value could not be converted to System.Nullable`1[Fenrus.ItemSize]. Path: $.DefaultSize | LineNumber: 5 | BytePositionInLine: 25.
2022-12-19 14:12:29.3128 [ERROR] => Failed parsing app '/home/john/src/Fenrus/Dotnet/Apps/Smart/Steam/app.json': The JSON value could not be converted to System.Nullable`1[Fenrus.ItemSize]. Path: $.DefaultSize | LineNumber: 5 | BytePositionInLine: 26.
2022-12-19 14:12:29.3640 [ERROR] => Failed parsing app '/home/john/src/Fenrus/Dotnet/Apps/Smart/Jellyfin/app.json': The JSON value could not be converted to System.Nullable`1[Fenrus.ItemSize]. Path: $.DefaultSize | LineNumber: 5 | BytePositionInLine: 25.
2022-12-19 14:12:29.3739 [ERROR] => Failed parsing app '/home/john/src/Fenrus/Dotnet/Apps/Smart/GOG/app.json': The JSON value could not be converted to System.Nullable`1[Fenrus.ItemSize]. Path: $.DefaultSize | LineNumber: 4 | BytePositionInLine: 23.
2022-12-19 14:12:29.3834 [ERROR] => Failed parsing app '/home/john/src/Fenrus/Dotnet/Apps/Smart/EpicGames/app.json': The JSON value could not be converted to System.Nullable`1[Fenrus.ItemSize]. Path: $.DefaultSize | LineNumber: 4 | BytePositionInLine: 26.
2022-12-19 14:12:29.3937 [ERROR] => Failed parsing app '/home/john/src/Fenrus/Dotnet/Apps/Smart/Emby/app.json': The JSON value could not be converted to System.Nullable`1[Fenrus.ItemSize]. Path: $.DefaultSize | LineNumber: 5 | BytePositionInLine: 25.
2022-12-19 14:15:08.3676 [ERROR] => Failed parsing app '/home/john/src/Fenrus/Dotnet/Apps/Smart/Steam/app.json': The JSON value could not be converted to System.Nullable`1[Fenrus.ItemSize]. Path: $.DefaultSize | LineNumber: 5 | BytePositionInLine: 26.
2022-12-19 14:15:08.4182 [ERROR] => Failed parsing app '/home/john/src/Fenrus/Dotnet/Apps/Smart/Jellyfin/app.json': The JSON value could not be converted to System.Nullable`1[Fenrus.ItemSize]. Path: $.DefaultSize | LineNumber: 5 | BytePositionInLine: 25.
2022-12-19 14:15:08.4266 [ERROR] => Failed parsing app '/home/john/src/Fenrus/Dotnet/Apps/Smart/GOG/app.json': The JSON value could not be converted to System.Nullable`1[Fenrus.ItemSize]. Path: $.DefaultSize | LineNumber: 4 | BytePositionInLine: 23.
2022-12-19 14:15:08.4350 [ERROR] => Failed parsing app '/home/john/src/Fenrus/Dotnet/Apps/Smart/EpicGames/app.json': The JSON value could not be converted to System.Nullable`1[Fenrus.ItemSize]. Path: $.DefaultSize | LineNumber: 4 | BytePositionInLine: 26.
2022-12-19 14:15:08.4430 [ERROR] => Failed parsing app '/home/john/src/Fenrus/Dotnet/Apps/Smart/Emby/app.json': The JSON value could not be converted to System.Nullable`1[Fenrus.ItemSize]. Path: $.DefaultSize | LineNumber: 5 | BytePositionInLine: 25.
2022-12-19 14:18:53.0179 [ERROR] => Failed parsing app '/home/john/src/Fenrus/Dotnet/Apps/Smart/Steam/app.json': The JSON value could not be converted to System.Nullable`1[Fenrus.ItemSize]. Path: $.DefaultSize | LineNumber: 5 | BytePositionInLine: 26.
2022-12-19 14:18:53.0687 [ERROR] => Failed parsing app '/home/john/src/Fenrus/Dotnet/Apps/Smart/Jellyfin/app.json': The JSON value could not be converted to System.Nullable`1[Fenrus.ItemSize]. Path: $.DefaultSize | LineNumber: 5 | BytePositionInLine: 25.
2022-12-19 14:18:53.0773 [ERROR] => Failed parsing app '/home/john/src/Fenrus/Dotnet/Apps/Smart/GOG/app.json': The JSON value could not be converted to System.Nullable`1[Fenrus.ItemSize]. Path: $.DefaultSize | LineNumber: 4 | BytePositionInLine: 23.
2022-12-19 14:18:53.0855 [ERROR] => Failed parsing app '/home/john/src/Fenrus/Dotnet/Apps/Smart/EpicGames/app.json': The JSON value could not be converted to System.Nullable`1[Fenrus.ItemSize]. Path: $.DefaultSize | LineNumber: 4 | BytePositionInLine: 26.
2022-12-19 14:18:53.0934 [ERROR] => Failed parsing app '/home/john/src/Fenrus/Dotnet/Apps/Smart/Emby/app.json': The JSON value could not be converted to System.Nullable`1[Fenrus.ItemSize]. Path: $.DefaultSize | LineNumber: 5 | BytePositionInLine: 25.
2022-12-19 14:22:39.7900 [ERROR] => Failed parsing app '/home/john/src/Fenrus/Dotnet/Apps/Smart/Steam/app.json': The JSON value could not be converted to System.Nullable`1[Fenrus.ItemSize]. Path: $.DefaultSize | LineNumber: 5 | BytePositionInLine: 26.
2022-12-19 14:22:39.8452 [ERROR] => Failed parsing app '/home/john/src/Fenrus/Dotnet/Apps/Smart/Jellyfin/app.json': The JSON value could not be converted to System.Nullable`1[Fenrus.ItemSize]. Path: $.DefaultSize | LineNumber: 5 | BytePositionInLine: 25.
2022-12-19 14:22:39.8550 [ERROR] => Failed parsing app '/home/john/src/Fenrus/Dotnet/Apps/Smart/GOG/app.json': The JSON value could not be converted to System.Nullable`1[Fenrus.ItemSize]. Path: $.DefaultSize | LineNumber: 4 | BytePositionInLine: 23.
2022-12-19 14:22:39.8635 [ERROR] => Failed parsing app '/home/john/src/Fenrus/Dotnet/Apps/Smart/EpicGames/app.json': The JSON value could not be converted to System.Nullable`1[Fenrus.ItemSize]. Path: $.DefaultSize | LineNumber: 4 | BytePositionInLine: 26.
2022-12-19 14:22:39.8724 [ERROR] => Failed parsing app '/home/john/src/Fenrus/Dotnet/Apps/Smart/Emby/app.json': The JSON value could not be converted to System.Nullable`1[Fenrus.ItemSize]. Path: $.DefaultSize | LineNumber: 5 | BytePositionInLine: 25.
2022-12-19 14:23:17.8925 [ERROR] => Failed parsing app '/home/john/src/Fenrus/Dotnet/Apps/Smart/Steam/app.json': The JSON value could not be converted to System.Nullable`1[Fenrus.ItemSize]. Path: $.DefaultSize | LineNumber: 5 | BytePositionInLine: 26.
2022-12-19 14:23:17.9437 [ERROR] => Failed parsing app '/home/john/src/Fenrus/Dotnet/Apps/Smart/Jellyfin/app.json': The JSON value could not be converted to System.Nullable`1[Fenrus.ItemSize]. Path: $.DefaultSize | LineNumber: 5 | BytePositionInLine: 25.
2022-12-19 14:23:17.9519 [ERROR] => Failed parsing app '/home/john/src/Fenrus/Dotnet/Apps/Smart/GOG/app.json': The JSON value could not be converted to System.Nullable`1[Fenrus.ItemSize]. Path: $.DefaultSize | LineNumber: 4 | BytePositionInLine: 23.
2022-12-19 14:23:17.9600 [ERROR] => Failed parsing app '/home/john/src/Fenrus/Dotnet/Apps/Smart/EpicGames/app.json': The JSON value could not be converted to System.Nullable`1[Fenrus.ItemSize]. Path: $.DefaultSize | LineNumber: 4 | BytePositionInLine: 26.
2022-12-19 14:23:17.9680 [ERROR] => Failed parsing app '/home/john/src/Fenrus/Dotnet/Apps/Smart/Emby/app.json': The JSON value could not be converted to System.Nullable`1[Fenrus.ItemSize]. Path: $.DefaultSize | LineNumber: 5 | BytePositionInLine: 25.
2022-12-19 14:24:12.3496 [ERROR] => Failed parsing app '/home/john/src/Fenrus/Dotnet/Apps/Smart/Steam/app.json': The JSON value could not be converted to System.Nullable`1[Fenrus.ItemSize]. Path: $.DefaultSize | LineNumber: 5 | BytePositionInLine: 26.
2022-12-19 14:24:12.3997 [ERROR] => Failed parsing app '/home/john/src/Fenrus/Dotnet/Apps/Smart/Jellyfin/app.json': The JSON value could not be converted to System.Nullable`1[Fenrus.ItemSize]. Path: $.DefaultSize | LineNumber: 5 | BytePositionInLine: 25.
2022-12-19 14:24:12.4084 [ERROR] => Failed parsing app '/home/john/src/Fenrus/Dotnet/Apps/Smart/GOG/app.json': The JSON value could not be converted to System.Nullable`1[Fenrus.ItemSize]. Path: $.DefaultSize | LineNumber: 4 | BytePositionInLine: 23.
2022-12-19 14:24:12.4162 [ERROR] => Failed parsing app '/home/john/src/Fenrus/Dotnet/Apps/Smart/EpicGames/app.json': The JSON value could not be converted to System.Nullable`1[Fenrus.ItemSize]. Path: $.DefaultSize | LineNumber: 4 | BytePositionInLine: 26.
2022-12-19 14:24:12.4239 [ERROR] => Failed parsing app '/home/john/src/Fenrus/Dotnet/Apps/Smart/Emby/app.json': The JSON value could not be converted to System.Nullable`1[Fenrus.ItemSize]. Path: $.DefaultSize | LineNumber: 5 | BytePositionInLine: 25.
2022-12-19 14:27:05.6554 [ERROR] => Failed parsing app '/home/john/src/Fenrus/Dotnet/Apps/Smart/Steam/app.json': The JSON value could not be converted to System.Nullable`1[Fenrus.ItemSize]. Path: $.DefaultSize | LineNumber: 5 | BytePositionInLine: 26.
2022-12-19 14:27:05.7076 [ERROR] => Failed parsing app '/home/john/src/Fenrus/Dotnet/Apps/Smart/Jellyfin/app.json': The JSON value could not be converted to System.Nullable`1[Fenrus.ItemSize]. Path: $.DefaultSize | LineNumber: 5 | BytePositionInLine: 25.
2022-12-19 14:27:05.7168 [ERROR] => Failed parsing app '/home/john/src/Fenrus/Dotnet/Apps/Smart/GOG/app.json': The JSON value could not be converted to System.Nullable`1[Fenrus.ItemSize]. Path: $.DefaultSize | LineNumber: 4 | BytePositionInLine: 23.
2022-12-19 14:27:05.7256 [ERROR] => Failed parsing app '/home/john/src/Fenrus/Dotnet/Apps/Smart/EpicGames/app.json': The JSON value could not be converted to System.Nullable`1[Fenrus.ItemSize]. Path: $.DefaultSize | LineNumber: 4 | BytePositionInLine: 26.
2022-12-19 14:27:05.7345 [ERROR] => Failed parsing app '/home/john/src/Fenrus/Dotnet/Apps/Smart/Emby/app.json': The JSON value could not be converted to System.Nullable`1[Fenrus.ItemSize]. Path: $.DefaultSize | LineNumber: 5 | BytePositionInLine: 25.
2022-12-19 14:27:48.0044 [ERROR] => Failed parsing app '/home/john/src/Fenrus/Dotnet/Apps/Smart/Steam/app.json': The JSON value could not be converted to System.Nullable`1[Fenrus.ItemSize]. Path: $.DefaultSize | LineNumber: 5 | BytePositionInLine: 26.
2022-12-19 14:27:48.0577 [ERROR] => Failed parsing app '/home/john/src/Fenrus/Dotnet/Apps/Smart/Jellyfin/app.json': The JSON value could not be converted to System.Nullable`1[Fenrus.ItemSize]. Path: $.DefaultSize | LineNumber: 5 | BytePositionInLine: 25.
2022-12-19 14:27:48.0661 [ERROR] => Failed parsing app '/home/john/src/Fenrus/Dotnet/Apps/Smart/GOG/app.json': The JSON value could not be converted to System.Nullable`1[Fenrus.ItemSize]. Path: $.DefaultSize | LineNumber: 4 | BytePositionInLine: 23.
2022-12-19 14:27:48.0747 [ERROR] => Failed parsing app '/home/john/src/Fenrus/Dotnet/Apps/Smart/EpicGames/app.json': The JSON value could not be converted to System.Nullable`1[Fenrus.ItemSize]. Path: $.DefaultSize | LineNumber: 4 | BytePositionInLine: 26.
2022-12-19 14:27:48.0844 [ERROR] => Failed parsing app '/home/john/src/Fenrus/Dotnet/Apps/Smart/Emby/app.json': The JSON value could not be converted to System.Nullable`1[Fenrus.ItemSize]. Path: $.DefaultSize | LineNumber: 5 | BytePositionInLine: 25.
2022-12-19 14:28:10.1851 [ERROR] => Failed parsing app '/home/john/src/Fenrus/Dotnet/Apps/Smart/Steam/app.json': The JSON value could not be converted to System.Nullable`1[Fenrus.ItemSize]. Path: $.DefaultSize | LineNumber: 5 | BytePositionInLine: 26.
2022-12-19 14:28:10.2466 [ERROR] => Failed parsing app '/home/john/src/Fenrus/Dotnet/Apps/Smart/Jellyfin/app.json': The JSON value could not be converted to System.Nullable`1[Fenrus.ItemSize]. Path: $.DefaultSize | LineNumber: 5 | BytePositionInLine: 25.
2022-12-19 14:28:10.2567 [ERROR] => Failed parsing app '/home/john/src/Fenrus/Dotnet/Apps/Smart/GOG/app.json': The JSON value could not be converted to System.Nullable`1[Fenrus.ItemSize]. Path: $.DefaultSize | LineNumber: 4 | BytePositionInLine: 23.
2022-12-19 14:28:10.2656 [ERROR] => Failed parsing app '/home/john/src/Fenrus/Dotnet/Apps/Smart/EpicGames/app.json': The JSON value could not be converted to System.Nullable`1[Fenrus.ItemSize]. Path: $.DefaultSize | LineNumber: 4 | BytePositionInLine: 26.
2022-12-19 14:28:10.2740 [ERROR] => Failed parsing app '/home/john/src/Fenrus/Dotnet/Apps/Smart/Emby/app.json': The JSON value could not be converted to System.Nullable`1[Fenrus.ItemSize]. Path: $.DefaultSize | LineNumber: 5 | BytePositionInLine: 25.
2022-12-19 14:56:03.4829 [ERROR] => Failed parsing app '/home/john/src/Fenrus/Dotnet/Apps/Smart/Steam/app.json': The JSON value could not be converted to System.Nullable`1[Fenrus.ItemSize]. Path: $.DefaultSize | LineNumber: 5 | BytePositionInLine: 26.
2022-12-19 14:56:03.5355 [ERROR] => Failed parsing app '/home/john/src/Fenrus/Dotnet/Apps/Smart/Jellyfin/app.json': The JSON value could not be converted to System.Nullable`1[Fenrus.ItemSize]. Path: $.DefaultSize | LineNumber: 5 | BytePositionInLine: 25.
2022-12-19 14:56:03.5443 [ERROR] => Failed parsing app '/home/john/src/Fenrus/Dotnet/Apps/Smart/GOG/app.json': The JSON value could not be converted to System.Nullable`1[Fenrus.ItemSize]. Path: $.DefaultSize | LineNumber: 4 | BytePositionInLine: 23.
2022-12-19 14:56:03.5530 [ERROR] => Failed parsing app '/home/john/src/Fenrus/Dotnet/Apps/Smart/EpicGames/app.json': The JSON value could not be converted to System.Nullable`1[Fenrus.ItemSize]. Path: $.DefaultSize | LineNumber: 4 | BytePositionInLine: 26.
2022-12-19 14:56:03.5624 [ERROR] => Failed parsing app '/home/john/src/Fenrus/Dotnet/Apps/Smart/Emby/app.json': The JSON value could not be converted to System.Nullable`1[Fenrus.ItemSize]. Path: $.DefaultSize | LineNumber: 5 | BytePositionInLine: 25.
2022-12-19 14:57:17.9150 [ERROR] => Failed parsing app '/home/john/src/Fenrus/Dotnet/Apps/Smart/Steam/app.json': The JSON value could not be converted to System.Nullable`1[Fenrus.ItemSize]. Path: $.DefaultSize | LineNumber: 5 | BytePositionInLine: 26.
2022-12-19 14:57:17.9678 [ERROR] => Failed parsing app '/home/john/src/Fenrus/Dotnet/Apps/Smart/Jellyfin/app.json': The JSON value could not be converted to System.Nullable`1[Fenrus.ItemSize]. Path: $.DefaultSize | LineNumber: 5 | BytePositionInLine: 25.
2022-12-19 14:57:17.9767 [ERROR] => Failed parsing app '/home/john/src/Fenrus/Dotnet/Apps/Smart/GOG/app.json': The JSON value could not be converted to System.Nullable`1[Fenrus.ItemSize]. Path: $.DefaultSize | LineNumber: 4 | BytePositionInLine: 23.
2022-12-19 14:57:17.9851 [ERROR] => Failed parsing app '/home/john/src/Fenrus/Dotnet/Apps/Smart/EpicGames/app.json': The JSON value could not be converted to System.Nullable`1[Fenrus.ItemSize]. Path: $.DefaultSize | LineNumber: 4 | BytePositionInLine: 26.
2022-12-19 14:57:17.9932 [ERROR] => Failed parsing app '/home/john/src/Fenrus/Dotnet/Apps/Smart/Emby/app.json': The JSON value could not be converted to System.Nullable`1[Fenrus.ItemSize]. Path: $.DefaultSize | LineNumber: 5 | BytePositionInLine: 25.
2022-12-19 15:02:02.4844 [ERROR] => Failed parsing app '/home/john/src/Fenrus/Dotnet/Apps/Smart/Steam/app.json': The JSON value could not be converted to System.Nullable`1[Fenrus.ItemSize]. Path: $.DefaultSize | LineNumber: 5 | BytePositionInLine: 26.
2022-12-19 15:02:02.5370 [ERROR] => Failed parsing app '/home/john/src/Fenrus/Dotnet/Apps/Smart/Jellyfin/app.json': The JSON value could not be converted to System.Nullable`1[Fenrus.ItemSize]. Path: $.DefaultSize | LineNumber: 5 | BytePositionInLine: 25.
2022-12-19 15:02:02.5458 [ERROR] => Failed parsing app '/home/john/src/Fenrus/Dotnet/Apps/Smart/GOG/app.json': The JSON value could not be converted to System.Nullable`1[Fenrus.ItemSize]. Path: $.DefaultSize | LineNumber: 4 | BytePositionInLine: 23.
2022-12-19 15:02:02.5545 [ERROR] => Failed parsing app '/home/john/src/Fenrus/Dotnet/Apps/Smart/EpicGames/app.json': The JSON value could not be converted to System.Nullable`1[Fenrus.ItemSize]. Path: $.DefaultSize | LineNumber: 4 | BytePositionInLine: 26.
2022-12-19 15:02:02.5632 [ERROR] => Failed parsing app '/home/john/src/Fenrus/Dotnet/Apps/Smart/Emby/app.json': The JSON value could not be converted to System.Nullable`1[Fenrus.ItemSize]. Path: $.DefaultSize | LineNumber: 5 | BytePositionInLine: 25.
2022-12-19 15:03:58.6081 [ERROR] => Failed parsing app '/home/john/src/Fenrus/Dotnet/Apps/Smart/Steam/app.json': The JSON value could not be converted to System.Nullable`1[Fenrus.ItemSize]. Path: $.DefaultSize | LineNumber: 5 | BytePositionInLine: 26.
2022-12-19 15:03:58.6591 [ERROR] => Failed parsing app '/home/john/src/Fenrus/Dotnet/Apps/Smart/Jellyfin/app.json': The JSON value could not be converted to System.Nullable`1[Fenrus.ItemSize]. Path: $.DefaultSize | LineNumber: 5 | BytePositionInLine: 25.
2022-12-19 15:03:58.6680 [ERROR] => Failed parsing app '/home/john/src/Fenrus/Dotnet/Apps/Smart/GOG/app.json': The JSON value could not be converted to System.Nullable`1[Fenrus.ItemSize]. Path: $.DefaultSize | LineNumber: 4 | BytePositionInLine: 23.
2022-12-19 15:03:58.6762 [ERROR] => Failed parsing app '/home/john/src/Fenrus/Dotnet/Apps/Smart/EpicGames/app.json': The JSON value could not be converted to System.Nullable`1[Fenrus.ItemSize]. Path: $.DefaultSize | LineNumber: 4 | BytePositionInLine: 26.
2022-12-19 15:03:58.6852 [ERROR] => Failed parsing app '/home/john/src/Fenrus/Dotnet/Apps/Smart/Emby/app.json': The JSON value could not be converted to System.Nullable`1[Fenrus.ItemSize]. Path: $.DefaultSize | LineNumber: 5 | BytePositionInLine: 25.
2022-12-19 15:05:46.8681 [ERROR] => Failed parsing app '/home/john/src/Fenrus/Dotnet/Apps/Smart/Steam/app.json': The JSON value could not be converted to System.Nullable`1[Fenrus.ItemSize]. Path: $.DefaultSize | LineNumber: 5 | BytePositionInLine: 26.
2022-12-19 15:05:46.9229 [ERROR] => Failed parsing app '/home/john/src/Fenrus/Dotnet/Apps/Smart/Jellyfin/app.json': The JSON value could not be converted to System.Nullable`1[Fenrus.ItemSize]. Path: $.DefaultSize | LineNumber: 5 | BytePositionInLine: 25.
2022-12-19 15:05:46.9311 [ERROR] => Failed parsing app '/home/john/src/Fenrus/Dotnet/Apps/Smart/GOG/app.json': The JSON value could not be converted to System.Nullable`1[Fenrus.ItemSize]. Path: $.DefaultSize | LineNumber: 4 | BytePositionInLine: 23.
2022-12-19 15:05:46.9401 [ERROR] => Failed parsing app '/home/john/src/Fenrus/Dotnet/Apps/Smart/EpicGames/app.json': The JSON value could not be converted to System.Nullable`1[Fenrus.ItemSize]. Path: $.DefaultSize | LineNumber: 4 | BytePositionInLine: 26.
2022-12-19 15:05:46.9488 [ERROR] => Failed parsing app '/home/john/src/Fenrus/Dotnet/Apps/Smart/Emby/app.json': The JSON value could not be converted to System.Nullable`1[Fenrus.ItemSize]. Path: $.DefaultSize | LineNumber: 5 | BytePositionInLine: 25.
2022-12-19 15:06:49.3199 [ERROR] => Failed parsing app '/home/john/src/Fenrus/Dotnet/Apps/Smart/Steam/app.json': The JSON value could not be converted to System.Nullable`1[Fenrus.ItemSize]. Path: $.DefaultSize | LineNumber: 5 | BytePositionInLine: 26.
2022-12-19 15:06:49.3703 [ERROR] => Failed parsing app '/home/john/src/Fenrus/Dotnet/Apps/Smart/Jellyfin/app.json': The JSON value could not be converted to System.Nullable`1[Fenrus.ItemSize]. Path: $.DefaultSize | LineNumber: 5 | BytePositionInLine: 25.
2022-12-19 15:06:49.3797 [ERROR] => Failed parsing app '/home/john/src/Fenrus/Dotnet/Apps/Smart/GOG/app.json': The JSON value could not be converted to System.Nullable`1[Fenrus.ItemSize]. Path: $.DefaultSize | LineNumber: 4 | BytePositionInLine: 23.
2022-12-19 15:06:49.3886 [ERROR] => Failed parsing app '/home/john/src/Fenrus/Dotnet/Apps/Smart/EpicGames/app.json': The JSON value could not be converted to System.Nullable`1[Fenrus.ItemSize]. Path: $.DefaultSize | LineNumber: 4 | BytePositionInLine: 26.
2022-12-19 15:06:49.3970 [ERROR] => Failed parsing app '/home/john/src/Fenrus/Dotnet/Apps/Smart/Emby/app.json': The JSON value could not be converted to System.Nullable`1[Fenrus.ItemSize]. Path: $.DefaultSize | LineNumber: 5 | BytePositionInLine: 25.
2022-12-19 15:08:06.3497 [ERROR] => Failed parsing app '/home/john/src/Fenrus/Dotnet/Apps/Smart/Steam/app.json': The JSON value could not be converted to System.Nullable`1[Fenrus.ItemSize]. Path: $.DefaultSize | LineNumber: 5 | BytePositionInLine: 26.
2022-12-19 15:08:06.4057 [ERROR] => Failed parsing app '/home/john/src/Fenrus/Dotnet/Apps/Smart/Jellyfin/app.json': The JSON value could not be converted to System.Nullable`1[Fenrus.ItemSize]. Path: $.DefaultSize | LineNumber: 5 | BytePositionInLine: 25.
2022-12-19 15:08:06.4147 [ERROR] => Failed parsing app '/home/john/src/Fenrus/Dotnet/Apps/Smart/GOG/app.json': The JSON value could not be converted to System.Nullable`1[Fenrus.ItemSize]. Path: $.DefaultSize | LineNumber: 4 | BytePositionInLine: 23.
2022-12-19 15:08:06.4226 [ERROR] => Failed parsing app '/home/john/src/Fenrus/Dotnet/Apps/Smart/EpicGames/app.json': The JSON value could not be converted to System.Nullable`1[Fenrus.ItemSize]. Path: $.DefaultSize | LineNumber: 4 | BytePositionInLine: 26.
2022-12-19 15:08:06.4313 [ERROR] => Failed parsing app '/home/john/src/Fenrus/Dotnet/Apps/Smart/Emby/app.json': The JSON value could not be converted to System.Nullable`1[Fenrus.ItemSize]. Path: $.DefaultSize | LineNumber: 5 | BytePositionInLine: 25.
2022-12-19 15:28:29.0263 [ERROR] => Failed parsing app '/home/john/src/Fenrus/Dotnet/Apps/Smart/Steam/app.json': The JSON value could not be converted to System.Nullable`1[Fenrus.ItemSize]. Path: $.DefaultSize | LineNumber: 5 | BytePositionInLine: 26.
2022-12-19 15:28:29.0774 [ERROR] => Failed parsing app '/home/john/src/Fenrus/Dotnet/Apps/Smart/Jellyfin/app.json': The JSON value could not be converted to System.Nullable`1[Fenrus.ItemSize]. Path: $.DefaultSize | LineNumber: 5 | BytePositionInLine: 25.
2022-12-19 15:28:29.0880 [ERROR] => Failed parsing app '/home/john/src/Fenrus/Dotnet/Apps/Smart/GOG/app.json': The JSON value could not be converted to System.Nullable`1[Fenrus.ItemSize]. Path: $.DefaultSize | LineNumber: 4 | BytePositionInLine: 23.
2022-12-19 15:28:29.0974 [ERROR] => Failed parsing app '/home/john/src/Fenrus/Dotnet/Apps/Smart/EpicGames/app.json': The JSON value could not be converted to System.Nullable`1[Fenrus.ItemSize]. Path: $.DefaultSize | LineNumber: 4 | BytePositionInLine: 26.
2022-12-19 15:28:29.1064 [ERROR] => Failed parsing app '/home/john/src/Fenrus/Dotnet/Apps/Smart/Emby/app.json': The JSON value could not be converted to System.Nullable`1[Fenrus.ItemSize]. Path: $.DefaultSize | LineNumber: 5 | BytePositionInLine: 25.
2022-12-19 15:48:02.6266 [ERROR] => Failed parsing app '/home/john/src/Fenrus/Dotnet/Apps/Smart/Steam/app.json': The JSON value could not be converted to System.Nullable`1[Fenrus.ItemSize]. Path: $.DefaultSize | LineNumber: 5 | BytePositionInLine: 26.
2022-12-19 15:48:02.6769 [ERROR] => Failed parsing app '/home/john/src/Fenrus/Dotnet/Apps/Smart/Jellyfin/app.json': The JSON value could not be converted to System.Nullable`1[Fenrus.ItemSize]. Path: $.DefaultSize | LineNumber: 5 | BytePositionInLine: 25.
2022-12-19 15:48:02.6850 [ERROR] => Failed parsing app '/home/john/src/Fenrus/Dotnet/Apps/Smart/GOG/app.json': The JSON value could not be converted to System.Nullable`1[Fenrus.ItemSize]. Path: $.DefaultSize | LineNumber: 4 | BytePositionInLine: 23.
2022-12-19 15:48:02.6926 [ERROR] => Failed parsing app '/home/john/src/Fenrus/Dotnet/Apps/Smart/EpicGames/app.json': The JSON value could not be converted to System.Nullable`1[Fenrus.ItemSize]. Path: $.DefaultSize | LineNumber: 4 | BytePositionInLine: 26.
2022-12-19 15:48:02.6999 [ERROR] => Failed parsing app '/home/john/src/Fenrus/Dotnet/Apps/Smart/Emby/app.json': The JSON value could not be converted to System.Nullable`1[Fenrus.ItemSize]. Path: $.DefaultSize | LineNumber: 5 | BytePositionInLine: 25.
2022-12-19 15:50:00.4958 [ERROR] => Failed parsing app '/home/john/src/Fenrus/Dotnet/Apps/Smart/Steam/app.json': The JSON value could not be converted to System.Nullable`1[Fenrus.ItemSize]. Path: $.DefaultSize | LineNumber: 5 | BytePositionInLine: 26.
2022-12-19 15:50:00.5490 [ERROR] => Failed parsing app '/home/john/src/Fenrus/Dotnet/Apps/Smart/Jellyfin/app.json': The JSON value could not be converted to System.Nullable`1[Fenrus.ItemSize]. Path: $.DefaultSize | LineNumber: 5 | BytePositionInLine: 25.
2022-12-19 15:50:00.5588 [ERROR] => Failed parsing app '/home/john/src/Fenrus/Dotnet/Apps/Smart/GOG/app.json': The JSON value could not be converted to System.Nullable`1[Fenrus.ItemSize]. Path: $.DefaultSize | LineNumber: 4 | BytePositionInLine: 23.
2022-12-19 15:50:00.5682 [ERROR] => Failed parsing app '/home/john/src/Fenrus/Dotnet/Apps/Smart/EpicGames/app.json': The JSON value could not be converted to System.Nullable`1[Fenrus.ItemSize]. Path: $.DefaultSize | LineNumber: 4 | BytePositionInLine: 26.
2022-12-19 15:50:00.5769 [ERROR] => Failed parsing app '/home/john/src/Fenrus/Dotnet/Apps/Smart/Emby/app.json': The JSON value could not be converted to System.Nullable`1[Fenrus.ItemSize]. Path: $.DefaultSize | LineNumber: 5 | BytePositionInLine: 25.
2022-12-19 18:08:38.6111 [ERROR] => Failed parsing app '/home/john/src/Fenrus/Dotnet/Apps/Smart/Steam/app.json': The JSON value could not be converted to System.Nullable`1[Fenrus.ItemSize]. Path: $.DefaultSize | LineNumber: 5 | BytePositionInLine: 26.
2022-12-19 18:08:38.6653 [ERROR] => Failed parsing app '/home/john/src/Fenrus/Dotnet/Apps/Smart/Jellyfin/app.json': The JSON value could not be converted to System.Nullable`1[Fenrus.ItemSize]. Path: $.DefaultSize | LineNumber: 5 | BytePositionInLine: 25.
2022-12-19 18:08:38.6739 [ERROR] => Failed parsing app '/home/john/src/Fenrus/Dotnet/Apps/Smart/GOG/app.json': The JSON value could not be converted to System.Nullable`1[Fenrus.ItemSize]. Path: $.DefaultSize | LineNumber: 4 | BytePositionInLine: 23.
2022-12-19 18:08:38.6820 [ERROR] => Failed parsing app '/home/john/src/Fenrus/Dotnet/Apps/Smart/EpicGames/app.json': The JSON value could not be converted to System.Nullable`1[Fenrus.ItemSize]. Path: $.DefaultSize | LineNumber: 4 | BytePositionInLine: 26.
2022-12-19 18:08:38.6895 [ERROR] => Failed parsing app '/home/john/src/Fenrus/Dotnet/Apps/Smart/Emby/app.json': The JSON value could not be converted to System.Nullable`1[Fenrus.ItemSize]. Path: $.DefaultSize | LineNumber: 5 | BytePositionInLine: 25.
2022-12-19 18:10:04.1544 [ERROR] => Failed parsing app '/home/john/src/Fenrus/Dotnet/Apps/Smart/Steam/app.json': The JSON value could not be converted to System.Nullable`1[Fenrus.ItemSize]. Path: $.DefaultSize | LineNumber: 5 | BytePositionInLine: 26.
2022-12-19 18:10:04.2069 [ERROR] => Failed parsing app '/home/john/src/Fenrus/Dotnet/Apps/Smart/Jellyfin/app.json': The JSON value could not be converted to System.Nullable`1[Fenrus.ItemSize]. Path: $.DefaultSize | LineNumber: 5 | BytePositionInLine: 25.
2022-12-19 18:10:04.2162 [ERROR] => Failed parsing app '/home/john/src/Fenrus/Dotnet/Apps/Smart/GOG/app.json': The JSON value could not be converted to System.Nullable`1[Fenrus.ItemSize]. Path: $.DefaultSize | LineNumber: 4 | BytePositionInLine: 23.
2022-12-19 18:10:04.2260 [ERROR] => Failed parsing app '/home/john/src/Fenrus/Dotnet/Apps/Smart/EpicGames/app.json': The JSON value could not be converted to System.Nullable`1[Fenrus.ItemSize]. Path: $.DefaultSize | LineNumber: 4 | BytePositionInLine: 26.
2022-12-19 18:10:04.2348 [ERROR] => Failed parsing app '/home/john/src/Fenrus/Dotnet/Apps/Smart/Emby/app.json': The JSON value could not be converted to System.Nullable`1[Fenrus.ItemSize]. Path: $.DefaultSize | LineNumber: 5 | BytePositionInLine: 25.
2022-12-19 18:10:42.8042 [ERROR] => Failed parsing app '/home/john/src/Fenrus/Dotnet/Apps/Smart/Steam/app.json': The JSON value could not be converted to System.Nullable`1[Fenrus.ItemSize]. Path: $.DefaultSize | LineNumber: 5 | BytePositionInLine: 26.
2022-12-19 18:10:42.8547 [ERROR] => Failed parsing app '/home/john/src/Fenrus/Dotnet/Apps/Smart/Jellyfin/app.json': The JSON value could not be converted to System.Nullable`1[Fenrus.ItemSize]. Path: $.DefaultSize | LineNumber: 5 | BytePositionInLine: 25.
2022-12-19 18:10:42.8633 [ERROR] => Failed parsing app '/home/john/src/Fenrus/Dotnet/Apps/Smart/GOG/app.json': The JSON value could not be converted to System.Nullable`1[Fenrus.ItemSize]. Path: $.DefaultSize | LineNumber: 4 | BytePositionInLine: 23.
2022-12-19 18:10:42.8712 [ERROR] => Failed parsing app '/home/john/src/Fenrus/Dotnet/Apps/Smart/EpicGames/app.json': The JSON value could not be converted to System.Nullable`1[Fenrus.ItemSize]. Path: $.DefaultSize | LineNumber: 4 | BytePositionInLine: 26.
2022-12-19 18:10:42.8791 [ERROR] => Failed parsing app '/home/john/src/Fenrus/Dotnet/Apps/Smart/Emby/app.json': The JSON value could not be converted to System.Nullable`1[Fenrus.ItemSize]. Path: $.DefaultSize | LineNumber: 5 | BytePositionInLine: 25.
2022-12-19 18:14:22.8111 [ERROR] => Failed parsing app '/home/john/src/Fenrus/Dotnet/Apps/Smart/Steam/app.json': The JSON value could not be converted to System.Nullable`1[Fenrus.ItemSize]. Path: $.DefaultSize | LineNumber: 5 | BytePositionInLine: 26.
2022-12-19 18:14:22.8670 [ERROR] => Failed parsing app '/home/john/src/Fenrus/Dotnet/Apps/Smart/Jellyfin/app.json': The JSON value could not be converted to System.Nullable`1[Fenrus.ItemSize]. Path: $.DefaultSize | LineNumber: 5 | BytePositionInLine: 25.
2022-12-19 18:14:22.8763 [ERROR] => Failed parsing app '/home/john/src/Fenrus/Dotnet/Apps/Smart/GOG/app.json': The JSON value could not be converted to System.Nullable`1[Fenrus.ItemSize]. Path: $.DefaultSize | LineNumber: 4 | BytePositionInLine: 23.
2022-12-19 18:14:22.8857 [ERROR] => Failed parsing app '/home/john/src/Fenrus/Dotnet/Apps/Smart/EpicGames/app.json': The JSON value could not be converted to System.Nullable`1[Fenrus.ItemSize]. Path: $.DefaultSize | LineNumber: 4 | BytePositionInLine: 26.
2022-12-19 18:14:22.8939 [ERROR] => Failed parsing app '/home/john/src/Fenrus/Dotnet/Apps/Smart/Emby/app.json': The JSON value could not be converted to System.Nullable`1[Fenrus.ItemSize]. Path: $.DefaultSize | LineNumber: 5 | BytePositionInLine: 25.
2022-12-19 18:14:50.2671 [ERROR] => Failed parsing app '/home/john/src/Fenrus/Dotnet/Apps/Smart/Steam/app.json': The JSON value could not be converted to System.Nullable`1[Fenrus.ItemSize]. Path: $.DefaultSize | LineNumber: 5 | BytePositionInLine: 26.
2022-12-19 18:14:50.3212 [ERROR] => Failed parsing app '/home/john/src/Fenrus/Dotnet/Apps/Smart/Jellyfin/app.json': The JSON value could not be converted to System.Nullable`1[Fenrus.ItemSize]. Path: $.DefaultSize | LineNumber: 5 | BytePositionInLine: 25.
2022-12-19 18:14:50.3300 [ERROR] => Failed parsing app '/home/john/src/Fenrus/Dotnet/Apps/Smart/GOG/app.json': The JSON value could not be converted to System.Nullable`1[Fenrus.ItemSize]. Path: $.DefaultSize | LineNumber: 4 | BytePositionInLine: 23.
2022-12-19 18:14:50.3386 [ERROR] => Failed parsing app '/home/john/src/Fenrus/Dotnet/Apps/Smart/EpicGames/app.json': The JSON value could not be converted to System.Nullable`1[Fenrus.ItemSize]. Path: $.DefaultSize | LineNumber: 4 | BytePositionInLine: 26.
2022-12-19 18:14:50.3469 [ERROR] => Failed parsing app '/home/john/src/Fenrus/Dotnet/Apps/Smart/Emby/app.json': The JSON value could not be converted to System.Nullable`1[Fenrus.ItemSize]. Path: $.DefaultSize | LineNumber: 5 | BytePositionInLine: 25.
2022-12-19 18:17:23.8325 [ERROR] => Failed parsing app '/home/john/src/Fenrus/Dotnet/Apps/Smart/Steam/app.json': The JSON value could not be converted to System.Nullable`1[Fenrus.ItemSize]. Path: $.DefaultSize | LineNumber: 5 | BytePositionInLine: 26.
2022-12-19 18:17:23.8830 [ERROR] => Failed parsing app '/home/john/src/Fenrus/Dotnet/Apps/Smart/Jellyfin/app.json': The JSON value could not be converted to System.Nullable`1[Fenrus.ItemSize]. Path: $.DefaultSize | LineNumber: 5 | BytePositionInLine: 25.
2022-12-19 18:17:23.8908 [ERROR] => Failed parsing app '/home/john/src/Fenrus/Dotnet/Apps/Smart/GOG/app.json': The JSON value could not be converted to System.Nullable`1[Fenrus.ItemSize]. Path: $.DefaultSize | LineNumber: 4 | BytePositionInLine: 23.
2022-12-19 18:17:23.8993 [ERROR] => Failed parsing app '/home/john/src/Fenrus/Dotnet/Apps/Smart/EpicGames/app.json': The JSON value could not be converted to System.Nullable`1[Fenrus.ItemSize]. Path: $.DefaultSize | LineNumber: 4 | BytePositionInLine: 26.
2022-12-19 18:17:23.9087 [ERROR] => Failed parsing app '/home/john/src/Fenrus/Dotnet/Apps/Smart/Emby/app.json': The JSON value could not be converted to System.Nullable`1[Fenrus.ItemSize]. Path: $.DefaultSize | LineNumber: 5 | BytePositionInLine: 25.
2022-12-19 18:40:43.6258 [ERROR] => Failed parsing app '/home/john/src/Fenrus/Dotnet/Apps/Smart/Steam/app.json': The JSON value could not be converted to System.Nullable`1[Fenrus.ItemSize]. Path: $.DefaultSize | LineNumber: 5 | BytePositionInLine: 26.
2022-12-19 18:40:43.6773 [ERROR] => Failed parsing app '/home/john/src/Fenrus/Dotnet/Apps/Smart/Jellyfin/app.json': The JSON value could not be converted to System.Nullable`1[Fenrus.ItemSize]. Path: $.DefaultSize | LineNumber: 5 | BytePositionInLine: 25.
2022-12-19 18:40:43.6857 [ERROR] => Failed parsing app '/home/john/src/Fenrus/Dotnet/Apps/Smart/GOG/app.json': The JSON value could not be converted to System.Nullable`1[Fenrus.ItemSize]. Path: $.DefaultSize | LineNumber: 4 | BytePositionInLine: 23.
2022-12-19 18:40:43.6939 [ERROR] => Failed parsing app '/home/john/src/Fenrus/Dotnet/Apps/Smart/EpicGames/app.json': The JSON value could not be converted to System.Nullable`1[Fenrus.ItemSize]. Path: $.DefaultSize | LineNumber: 4 | BytePositionInLine: 26.
2022-12-19 18:40:43.7021 [ERROR] => Failed parsing app '/home/john/src/Fenrus/Dotnet/Apps/Smart/Emby/app.json': The JSON value could not be converted to System.Nullable`1[Fenrus.ItemSize]. Path: $.DefaultSize | LineNumber: 5 | BytePositionInLine: 25.
2022-12-19 18:41:17.9533 [ERROR] => Failed parsing app '/home/john/src/Fenrus/Dotnet/Apps/Smart/Steam/app.json': The JSON value could not be converted to System.Nullable`1[Fenrus.ItemSize]. Path: $.DefaultSize | LineNumber: 5 | BytePositionInLine: 26.
2022-12-19 18:41:18.0053 [ERROR] => Failed parsing app '/home/john/src/Fenrus/Dotnet/Apps/Smart/Jellyfin/app.json': The JSON value could not be converted to System.Nullable`1[Fenrus.ItemSize]. Path: $.DefaultSize | LineNumber: 5 | BytePositionInLine: 25.
2022-12-19 18:41:18.0135 [ERROR] => Failed parsing app '/home/john/src/Fenrus/Dotnet/Apps/Smart/GOG/app.json': The JSON value could not be converted to System.Nullable`1[Fenrus.ItemSize]. Path: $.DefaultSize | LineNumber: 4 | BytePositionInLine: 23.
2022-12-19 18:41:18.0215 [ERROR] => Failed parsing app '/home/john/src/Fenrus/Dotnet/Apps/Smart/EpicGames/app.json': The JSON value could not be converted to System.Nullable`1[Fenrus.ItemSize]. Path: $.DefaultSize | LineNumber: 4 | BytePositionInLine: 26.
2022-12-19 18:41:18.0303 [ERROR] => Failed parsing app '/home/john/src/Fenrus/Dotnet/Apps/Smart/Emby/app.json': The JSON value could not be converted to System.Nullable`1[Fenrus.ItemSize]. Path: $.DefaultSize | LineNumber: 5 | BytePositionInLine: 25.
2022-12-19 18:42:04.8744 [ERROR] => Failed parsing app '/home/john/src/Fenrus/Dotnet/Apps/Smart/Steam/app.json': The JSON value could not be converted to System.Nullable`1[Fenrus.ItemSize]. Path: $.DefaultSize | LineNumber: 5 | BytePositionInLine: 26.
2022-12-19 18:42:04.9376 [ERROR] => Failed parsing app '/home/john/src/Fenrus/Dotnet/Apps/Smart/Jellyfin/app.json': The JSON value could not be converted to System.Nullable`1[Fenrus.ItemSize]. Path: $.DefaultSize | LineNumber: 5 | BytePositionInLine: 25.
2022-12-19 18:42:04.9483 [ERROR] => Failed parsing app '/home/john/src/Fenrus/Dotnet/Apps/Smart/GOG/app.json': The JSON value could not be converted to System.Nullable`1[Fenrus.ItemSize]. Path: $.DefaultSize | LineNumber: 4 | BytePositionInLine: 23.
2022-12-19 18:42:04.9571 [ERROR] => Failed parsing app '/home/john/src/Fenrus/Dotnet/Apps/Smart/EpicGames/app.json': The JSON value could not be converted to System.Nullable`1[Fenrus.ItemSize]. Path: $.DefaultSize | LineNumber: 4 | BytePositionInLine: 26.
2022-12-19 18:42:04.9669 [ERROR] => Failed parsing app '/home/john/src/Fenrus/Dotnet/Apps/Smart/Emby/app.json': The JSON value could not be converted to System.Nullable`1[Fenrus.ItemSize]. Path: $.DefaultSize | LineNumber: 5 | BytePositionInLine: 25.
2022-12-19 18:44:03.9043 [ERROR] => Failed parsing app '/home/john/src/Fenrus/Dotnet/Apps/Smart/Steam/app.json': The JSON value could not be converted to System.Nullable`1[Fenrus.ItemSize]. Path: $.DefaultSize | LineNumber: 5 | BytePositionInLine: 26.
2022-12-19 18:44:03.9631 [ERROR] => Failed parsing app '/home/john/src/Fenrus/Dotnet/Apps/Smart/Jellyfin/app.json': The JSON value could not be converted to System.Nullable`1[Fenrus.ItemSize]. Path: $.DefaultSize | LineNumber: 5 | BytePositionInLine: 25.
2022-12-19 18:44:03.9711 [ERROR] => Failed parsing app '/home/john/src/Fenrus/Dotnet/Apps/Smart/GOG/app.json': The JSON value could not be converted to System.Nullable`1[Fenrus.ItemSize]. Path: $.DefaultSize | LineNumber: 4 | BytePositionInLine: 23.
2022-12-19 18:44:03.9799 [ERROR] => Failed parsing app '/home/john/src/Fenrus/Dotnet/Apps/Smart/EpicGames/app.json': The JSON value could not be converted to System.Nullable`1[Fenrus.ItemSize]. Path: $.DefaultSize | LineNumber: 4 | BytePositionInLine: 26.
2022-12-19 18:44:03.9889 [ERROR] => Failed parsing app '/home/john/src/Fenrus/Dotnet/Apps/Smart/Emby/app.json': The JSON value could not be converted to System.Nullable`1[Fenrus.ItemSize]. Path: $.DefaultSize | LineNumber: 5 | BytePositionInLine: 25.
2022-12-19 18:45:53.3598 [ERROR] => Failed parsing app '/home/john/src/Fenrus/Dotnet/Apps/Smart/Steam/app.json': The JSON value could not be converted to System.Nullable`1[Fenrus.ItemSize]. Path: $.DefaultSize | LineNumber: 5 | BytePositionInLine: 26.
2022-12-19 18:45:53.4113 [ERROR] => Failed parsing app '/home/john/src/Fenrus/Dotnet/Apps/Smart/Jellyfin/app.json': The JSON value could not be converted to System.Nullable`1[Fenrus.ItemSize]. Path: $.DefaultSize | LineNumber: 5 | BytePositionInLine: 25.
2022-12-19 18:45:53.4203 [ERROR] => Failed parsing app '/home/john/src/Fenrus/Dotnet/Apps/Smart/GOG/app.json': The JSON value could not be converted to System.Nullable`1[Fenrus.ItemSize]. Path: $.DefaultSize | LineNumber: 4 | BytePositionInLine: 23.
2022-12-19 18:45:53.4291 [ERROR] => Failed parsing app '/home/john/src/Fenrus/Dotnet/Apps/Smart/EpicGames/app.json': The JSON value could not be converted to System.Nullable`1[Fenrus.ItemSize]. Path: $.DefaultSize | LineNumber: 4 | BytePositionInLine: 26.
2022-12-19 18:45:53.4370 [ERROR] => Failed parsing app '/home/john/src/Fenrus/Dotnet/Apps/Smart/Emby/app.json': The JSON value could not be converted to System.Nullable`1[Fenrus.ItemSize]. Path: $.DefaultSize | LineNumber: 5 | BytePositionInLine: 25.
2022-12-19 18:46:32.7348 [ERROR] => Failed parsing app '/home/john/src/Fenrus/Dotnet/Apps/Smart/Steam/app.json': The JSON value could not be converted to System.Nullable`1[Fenrus.ItemSize]. Path: $.DefaultSize | LineNumber: 5 | BytePositionInLine: 26.
2022-12-19 18:46:32.7877 [ERROR] => Failed parsing app '/home/john/src/Fenrus/Dotnet/Apps/Smart/Jellyfin/app.json': The JSON value could not be converted to System.Nullable`1[Fenrus.ItemSize]. Path: $.DefaultSize | LineNumber: 5 | BytePositionInLine: 25.
2022-12-19 18:46:32.7966 [ERROR] => Failed parsing app '/home/john/src/Fenrus/Dotnet/Apps/Smart/GOG/app.json': The JSON value could not be converted to System.Nullable`1[Fenrus.ItemSize]. Path: $.DefaultSize | LineNumber: 4 | BytePositionInLine: 23.
2022-12-19 18:46:32.8052 [ERROR] => Failed parsing app '/home/john/src/Fenrus/Dotnet/Apps/Smart/EpicGames/app.json': The JSON value could not be converted to System.Nullable`1[Fenrus.ItemSize]. Path: $.DefaultSize | LineNumber: 4 | BytePositionInLine: 26.
2022-12-19 18:46:32.8140 [ERROR] => Failed parsing app '/home/john/src/Fenrus/Dotnet/Apps/Smart/Emby/app.json': The JSON value could not be converted to System.Nullable`1[Fenrus.ItemSize]. Path: $.DefaultSize | LineNumber: 5 | BytePositionInLine: 25.
2022-12-19 18:47:14.8212 [ERROR] => Failed parsing app '/home/john/src/Fenrus/Dotnet/Apps/Smart/Steam/app.json': The JSON value could not be converted to System.Nullable`1[Fenrus.ItemSize]. Path: $.DefaultSize | LineNumber: 5 | BytePositionInLine: 26.
2022-12-19 18:47:14.8713 [ERROR] => Failed parsing app '/home/john/src/Fenrus/Dotnet/Apps/Smart/Jellyfin/app.json': The JSON value could not be converted to System.Nullable`1[Fenrus.ItemSize]. Path: $.DefaultSize | LineNumber: 5 | BytePositionInLine: 25.
2022-12-19 18:47:14.8794 [ERROR] => Failed parsing app '/home/john/src/Fenrus/Dotnet/Apps/Smart/GOG/app.json': The JSON value could not be converted to System.Nullable`1[Fenrus.ItemSize]. Path: $.DefaultSize | LineNumber: 4 | BytePositionInLine: 23.
2022-12-19 18:47:14.8865 [ERROR] => Failed parsing app '/home/john/src/Fenrus/Dotnet/Apps/Smart/EpicGames/app.json': The JSON value could not be converted to System.Nullable`1[Fenrus.ItemSize]. Path: $.DefaultSize | LineNumber: 4 | BytePositionInLine: 26.
2022-12-19 18:47:14.8933 [ERROR] => Failed parsing app '/home/john/src/Fenrus/Dotnet/Apps/Smart/Emby/app.json': The JSON value could not be converted to System.Nullable`1[Fenrus.ItemSize]. Path: $.DefaultSize | LineNumber: 5 | BytePositionInLine: 25.
2022-12-19 18:48:19.0158 [ERROR] => Failed parsing app '/home/john/src/Fenrus/Dotnet/Apps/Smart/Steam/app.json': The JSON value could not be converted to System.Nullable`1[Fenrus.ItemSize]. Path: $.DefaultSize | LineNumber: 5 | BytePositionInLine: 26.
2022-12-19 18:48:19.0750 [ERROR] => Failed parsing app '/home/john/src/Fenrus/Dotnet/Apps/Smart/Jellyfin/app.json': The JSON value could not be converted to System.Nullable`1[Fenrus.ItemSize]. Path: $.DefaultSize | LineNumber: 5 | BytePositionInLine: 25.
2022-12-19 18:48:19.0840 [ERROR] => Failed parsing app '/home/john/src/Fenrus/Dotnet/Apps/Smart/GOG/app.json': The JSON value could not be converted to System.Nullable`1[Fenrus.ItemSize]. Path: $.DefaultSize | LineNumber: 4 | BytePositionInLine: 23.
2022-12-19 18:48:19.0920 [ERROR] => Failed parsing app '/home/john/src/Fenrus/Dotnet/Apps/Smart/EpicGames/app.json': The JSON value could not be converted to System.Nullable`1[Fenrus.ItemSize]. Path: $.DefaultSize | LineNumber: 4 | BytePositionInLine: 26.
2022-12-19 18:48:19.1004 [ERROR] => Failed parsing app '/home/john/src/Fenrus/Dotnet/Apps/Smart/Emby/app.json': The JSON value could not be converted to System.Nullable`1[Fenrus.ItemSize]. Path: $.DefaultSize | LineNumber: 5 | BytePositionInLine: 25.
2022-12-19 19:30:35.2545 [ERROR] => Failed parsing app '/home/john/src/Fenrus/Dotnet/Apps/Smart/Steam/app.json': The JSON value could not be converted to System.Nullable`1[Fenrus.ItemSize]. Path: $.DefaultSize | LineNumber: 5 | BytePositionInLine: 26.
2022-12-19 19:30:35.3072 [ERROR] => Failed parsing app '/home/john/src/Fenrus/Dotnet/Apps/Smart/Jellyfin/app.json': The JSON value could not be converted to System.Nullable`1[Fenrus.ItemSize]. Path: $.DefaultSize | LineNumber: 5 | BytePositionInLine: 25.
2022-12-19 19:30:35.3161 [ERROR] => Failed parsing app '/home/john/src/Fenrus/Dotnet/Apps/Smart/GOG/app.json': The JSON value could not be converted to System.Nullable`1[Fenrus.ItemSize]. Path: $.DefaultSize | LineNumber: 4 | BytePositionInLine: 23.
2022-12-19 19:30:35.3243 [ERROR] => Failed parsing app '/home/john/src/Fenrus/Dotnet/Apps/Smart/EpicGames/app.json': The JSON value could not be converted to System.Nullable`1[Fenrus.ItemSize]. Path: $.DefaultSize | LineNumber: 4 | BytePositionInLine: 26.
2022-12-19 19:30:35.3324 [ERROR] => Failed parsing app '/home/john/src/Fenrus/Dotnet/Apps/Smart/Emby/app.json': The JSON value could not be converted to System.Nullable`1[Fenrus.ItemSize]. Path: $.DefaultSize | LineNumber: 5 | BytePositionInLine: 25.
2022-12-19 19:33:52.9728 [ERROR] => Failed parsing app '/home/john/src/Fenrus/Dotnet/Apps/Smart/Steam/app.json': The JSON value could not be converted to System.Nullable`1[Fenrus.ItemSize]. Path: $.DefaultSize | LineNumber: 5 | BytePositionInLine: 26.
2022-12-19 19:33:53.0274 [ERROR] => Failed parsing app '/home/john/src/Fenrus/Dotnet/Apps/Smart/Jellyfin/app.json': The JSON value could not be converted to System.Nullable`1[Fenrus.ItemSize]. Path: $.DefaultSize | LineNumber: 5 | BytePositionInLine: 25.
2022-12-19 19:33:53.0366 [ERROR] => Failed parsing app '/home/john/src/Fenrus/Dotnet/Apps/Smart/GOG/app.json': The JSON value could not be converted to System.Nullable`1[Fenrus.ItemSize]. Path: $.DefaultSize | LineNumber: 4 | BytePositionInLine: 23.
2022-12-19 19:33:53.0448 [ERROR] => Failed parsing app '/home/john/src/Fenrus/Dotnet/Apps/Smart/EpicGames/app.json': The JSON value could not be converted to System.Nullable`1[Fenrus.ItemSize]. Path: $.DefaultSize | LineNumber: 4 | BytePositionInLine: 26.
2022-12-19 19:33:53.0525 [ERROR] => Failed parsing app '/home/john/src/Fenrus/Dotnet/Apps/Smart/Emby/app.json': The JSON value could not be converted to System.Nullable`1[Fenrus.ItemSize]. Path: $.DefaultSize | LineNumber: 5 | BytePositionInLine: 25.
