2022-12-16 14:33:41.8939 [ERROR] => Failed parsing app '/home/john/src/Fenrus/Dotnet/Apps/Smart/Steam/app.json': The JSON value could not be converted to System.Nullable`1[Fenrus.ItemSize]. Path: $.DefaultSize | LineNumber: 5 | BytePositionInLine: 26.
2022-12-16 14:33:41.9544 [ERROR] => Failed parsing app '/home/john/src/Fenrus/Dotnet/Apps/Smart/Jellyfin/app.json': The JSON value could not be converted to System.Nullable`1[Fenrus.ItemSize]. Path: $.DefaultSize | LineNumber: 5 | BytePositionInLine: 25.
2022-12-16 14:33:41.9631 [ERROR] => Failed parsing app '/home/john/src/Fenrus/Dotnet/Apps/Smart/GOG/app.json': The JSON value could not be converted to System.Nullable`1[Fenrus.ItemSize]. Path: $.DefaultSize | LineNumber: 4 | BytePositionInLine: 23.
2022-12-16 14:33:41.9714 [ERROR] => Failed parsing app '/home/john/src/Fenrus/Dotnet/Apps/Smart/EpicGames/app.json': The JSON value could not be converted to System.Nullable`1[Fenrus.ItemSize]. Path: $.DefaultSize | LineNumber: 4 | BytePositionInLine: 26.
2022-12-16 14:33:41.9794 [ERROR] => Failed parsing app '/home/john/src/Fenrus/Dotnet/Apps/Smart/Emby/app.json': The JSON value could not be converted to System.Nullable`1[Fenrus.ItemSize]. Path: $.DefaultSize | LineNumber: 5 | BytePositionInLine: 25.
2022-12-16 14:36:35.1913 [ERROR] => Failed parsing app '/home/john/src/Fenrus/Dotnet/Apps/Smart/Steam/app.json': The JSON value could not be converted to System.Nullable`1[Fenrus.ItemSize]. Path: $.DefaultSize | LineNumber: 5 | BytePositionInLine: 26.
2022-12-16 14:36:35.2501 [ERROR] => Failed parsing app '/home/john/src/Fenrus/Dotnet/Apps/Smart/Jellyfin/app.json': The JSON value could not be converted to System.Nullable`1[Fenrus.ItemSize]. Path: $.DefaultSize | LineNumber: 5 | BytePositionInLine: 25.
2022-12-16 14:36:35.2596 [ERROR] => Failed parsing app '/home/john/src/Fenrus/Dotnet/Apps/Smart/GOG/app.json': The JSON value could not be converted to System.Nullable`1[Fenrus.ItemSize]. Path: $.DefaultSize | LineNumber: 4 | BytePositionInLine: 23.
2022-12-16 14:36:35.2683 [ERROR] => Failed parsing app '/home/john/src/Fenrus/Dotnet/Apps/Smart/EpicGames/app.json': The JSON value could not be converted to System.Nullable`1[Fenrus.ItemSize]. Path: $.DefaultSize | LineNumber: 4 | BytePositionInLine: 26.
2022-12-16 14:36:35.2767 [ERROR] => Failed parsing app '/home/john/src/Fenrus/Dotnet/Apps/Smart/Emby/app.json': The JSON value could not be converted to System.Nullable`1[Fenrus.ItemSize]. Path: $.DefaultSize | LineNumber: 5 | BytePositionInLine: 25.
2022-12-16 14:38:51.9469 [ERROR] => Failed parsing app '/home/john/src/Fenrus/Dotnet/Apps/Smart/Steam/app.json': The JSON value could not be converted to System.Nullable`1[Fenrus.ItemSize]. Path: $.DefaultSize | LineNumber: 5 | BytePositionInLine: 26.
2022-12-16 14:38:52.0017 [ERROR] => Failed parsing app '/home/john/src/Fenrus/Dotnet/Apps/Smart/Jellyfin/app.json': The JSON value could not be converted to System.Nullable`1[Fenrus.ItemSize]. Path: $.DefaultSize | LineNumber: 5 | BytePositionInLine: 25.
2022-12-16 14:38:52.0101 [ERROR] => Failed parsing app '/home/john/src/Fenrus/Dotnet/Apps/Smart/GOG/app.json': The JSON value could not be converted to System.Nullable`1[Fenrus.ItemSize]. Path: $.DefaultSize | LineNumber: 4 | BytePositionInLine: 23.
2022-12-16 14:38:52.0185 [ERROR] => Failed parsing app '/home/john/src/Fenrus/Dotnet/Apps/Smart/EpicGames/app.json': The JSON value could not be converted to System.Nullable`1[Fenrus.ItemSize]. Path: $.DefaultSize | LineNumber: 4 | BytePositionInLine: 26.
2022-12-16 14:38:52.0268 [ERROR] => Failed parsing app '/home/john/src/Fenrus/Dotnet/Apps/Smart/Emby/app.json': The JSON value could not be converted to System.Nullable`1[Fenrus.ItemSize]. Path: $.DefaultSize | LineNumber: 5 | BytePositionInLine: 25.
2022-12-16 14:43:36.6679 [ERROR] => Failed parsing app '/home/john/src/Fenrus/Dotnet/Apps/Smart/Steam/app.json': The JSON value could not be converted to System.Nullable`1[Fenrus.ItemSize]. Path: $.DefaultSize | LineNumber: 5 | BytePositionInLine: 26.
2022-12-16 14:43:36.7306 [ERROR] => Failed parsing app '/home/john/src/Fenrus/Dotnet/Apps/Smart/Jellyfin/app.json': The JSON value could not be converted to System.Nullable`1[Fenrus.ItemSize]. Path: $.DefaultSize | LineNumber: 5 | BytePositionInLine: 25.
2022-12-16 14:43:36.7392 [ERROR] => Failed parsing app '/home/john/src/Fenrus/Dotnet/Apps/Smart/GOG/app.json': The JSON value could not be converted to System.Nullable`1[Fenrus.ItemSize]. Path: $.DefaultSize | LineNumber: 4 | BytePositionInLine: 23.
2022-12-16 14:43:36.7472 [ERROR] => Failed parsing app '/home/john/src/Fenrus/Dotnet/Apps/Smart/EpicGames/app.json': The JSON value could not be converted to System.Nullable`1[Fenrus.ItemSize]. Path: $.DefaultSize | LineNumber: 4 | BytePositionInLine: 26.
2022-12-16 14:43:36.7552 [ERROR] => Failed parsing app '/home/john/src/Fenrus/Dotnet/Apps/Smart/Emby/app.json': The JSON value could not be converted to System.Nullable`1[Fenrus.ItemSize]. Path: $.DefaultSize | LineNumber: 5 | BytePositionInLine: 25.
2022-12-16 14:44:33.8929 [ERROR] => Failed parsing app '/home/john/src/Fenrus/Dotnet/Apps/Smart/Steam/app.json': The JSON value could not be converted to System.Nullable`1[Fenrus.ItemSize]. Path: $.DefaultSize | LineNumber: 5 | BytePositionInLine: 26.
2022-12-16 14:44:33.9491 [ERROR] => Failed parsing app '/home/john/src/Fenrus/Dotnet/Apps/Smart/Jellyfin/app.json': The JSON value could not be converted to System.Nullable`1[Fenrus.ItemSize]. Path: $.DefaultSize | LineNumber: 5 | BytePositionInLine: 25.
2022-12-16 14:44:33.9592 [ERROR] => Failed parsing app '/home/john/src/Fenrus/Dotnet/Apps/Smart/GOG/app.json': The JSON value could not be converted to System.Nullable`1[Fenrus.ItemSize]. Path: $.DefaultSize | LineNumber: 4 | BytePositionInLine: 23.
2022-12-16 14:44:33.9674 [ERROR] => Failed parsing app '/home/john/src/Fenrus/Dotnet/Apps/Smart/EpicGames/app.json': The JSON value could not be converted to System.Nullable`1[Fenrus.ItemSize]. Path: $.DefaultSize | LineNumber: 4 | BytePositionInLine: 26.
2022-12-16 14:44:33.9751 [ERROR] => Failed parsing app '/home/john/src/Fenrus/Dotnet/Apps/Smart/Emby/app.json': The JSON value could not be converted to System.Nullable`1[Fenrus.ItemSize]. Path: $.DefaultSize | LineNumber: 5 | BytePositionInLine: 25.
2022-12-16 14:45:44.0023 [ERROR] => Failed parsing app '/home/john/src/Fenrus/Dotnet/Apps/Smart/Steam/app.json': The JSON value could not be converted to System.Nullable`1[Fenrus.ItemSize]. Path: $.DefaultSize | LineNumber: 5 | BytePositionInLine: 26.
2022-12-16 14:45:44.0556 [ERROR] => Failed parsing app '/home/john/src/Fenrus/Dotnet/Apps/Smart/Jellyfin/app.json': The JSON value could not be converted to System.Nullable`1[Fenrus.ItemSize]. Path: $.DefaultSize | LineNumber: 5 | BytePositionInLine: 25.
2022-12-16 14:45:44.0644 [ERROR] => Failed parsing app '/home/john/src/Fenrus/Dotnet/Apps/Smart/GOG/app.json': The JSON value could not be converted to System.Nullable`1[Fenrus.ItemSize]. Path: $.DefaultSize | LineNumber: 4 | BytePositionInLine: 23.
2022-12-16 14:45:44.0726 [ERROR] => Failed parsing app '/home/john/src/Fenrus/Dotnet/Apps/Smart/EpicGames/app.json': The JSON value could not be converted to System.Nullable`1[Fenrus.ItemSize]. Path: $.DefaultSize | LineNumber: 4 | BytePositionInLine: 26.
2022-12-16 14:45:44.0818 [ERROR] => Failed parsing app '/home/john/src/Fenrus/Dotnet/Apps/Smart/Emby/app.json': The JSON value could not be converted to System.Nullable`1[Fenrus.ItemSize]. Path: $.DefaultSize | LineNumber: 5 | BytePositionInLine: 25.
2022-12-16 14:46:12.2779 [ERROR] => Failed parsing app '/home/john/src/Fenrus/Dotnet/Apps/Smart/Steam/app.json': The JSON value could not be converted to System.Nullable`1[Fenrus.ItemSize]. Path: $.DefaultSize | LineNumber: 5 | BytePositionInLine: 26.
2022-12-16 14:46:12.3317 [ERROR] => Failed parsing app '/home/john/src/Fenrus/Dotnet/Apps/Smart/Jellyfin/app.json': The JSON value could not be converted to System.Nullable`1[Fenrus.ItemSize]. Path: $.DefaultSize | LineNumber: 5 | BytePositionInLine: 25.
2022-12-16 14:46:12.3422 [ERROR] => Failed parsing app '/home/john/src/Fenrus/Dotnet/Apps/Smart/GOG/app.json': The JSON value could not be converted to System.Nullable`1[Fenrus.ItemSize]. Path: $.DefaultSize | LineNumber: 4 | BytePositionInLine: 23.
2022-12-16 14:46:12.3519 [ERROR] => Failed parsing app '/home/john/src/Fenrus/Dotnet/Apps/Smart/EpicGames/app.json': The JSON value could not be converted to System.Nullable`1[Fenrus.ItemSize]. Path: $.DefaultSize | LineNumber: 4 | BytePositionInLine: 26.
2022-12-16 14:46:12.3619 [ERROR] => Failed parsing app '/home/john/src/Fenrus/Dotnet/Apps/Smart/Emby/app.json': The JSON value could not be converted to System.Nullable`1[Fenrus.ItemSize]. Path: $.DefaultSize | LineNumber: 5 | BytePositionInLine: 25.
