2022-12-17 09:20:18.1745 [ERROR] => Failed parsing app '/home/john/src/Fenrus/Dotnet/Apps/Smart/Steam/app.json': The JSON value could not be converted to System.Nullable`1[Fenrus.ItemSize]. Path: $.DefaultSize | LineNumber: 5 | BytePositionInLine: 26.
2022-12-17 09:20:18.2280 [ERROR] => Failed parsing app '/home/john/src/Fenrus/Dotnet/Apps/Smart/Jellyfin/app.json': The JSON value could not be converted to System.Nullable`1[Fenrus.ItemSize]. Path: $.DefaultSize | LineNumber: 5 | BytePositionInLine: 25.
2022-12-17 09:20:18.2381 [ERROR] => Failed parsing app '/home/john/src/Fenrus/Dotnet/Apps/Smart/GOG/app.json': The JSON value could not be converted to System.Nullable`1[Fenrus.ItemSize]. Path: $.DefaultSize | LineNumber: 4 | BytePositionInLine: 23.
2022-12-17 09:20:18.2481 [ERROR] => Failed parsing app '/home/john/src/Fenrus/Dotnet/Apps/Smart/EpicGames/app.json': The JSON value could not be converted to System.Nullable`1[Fenrus.ItemSize]. Path: $.DefaultSize | LineNumber: 4 | BytePositionInLine: 26.
2022-12-17 09:20:18.2582 [ERROR] => Failed parsing app '/home/john/src/Fenrus/Dotnet/Apps/Smart/Emby/app.json': The JSON value could not be converted to System.Nullable`1[Fenrus.ItemSize]. Path: $.DefaultSize | LineNumber: 5 | BytePositionInLine: 25.
2022-12-17 09:20:57.4572 [ERROR] => Failed parsing app '/home/john/src/Fenrus/Dotnet/Apps/Smart/Steam/app.json': The JSON value could not be converted to System.Nullable`1[Fenrus.ItemSize]. Path: $.DefaultSize | LineNumber: 5 | BytePositionInLine: 26.
2022-12-17 09:20:57.5114 [ERROR] => Failed parsing app '/home/john/src/Fenrus/Dotnet/Apps/Smart/Jellyfin/app.json': The JSON value could not be converted to System.Nullable`1[Fenrus.ItemSize]. Path: $.DefaultSize | LineNumber: 5 | BytePositionInLine: 25.
2022-12-17 09:20:57.5233 [ERROR] => Failed parsing app '/home/john/src/Fenrus/Dotnet/Apps/Smart/GOG/app.json': The JSON value could not be converted to System.Nullable`1[Fenrus.ItemSize]. Path: $.DefaultSize | LineNumber: 4 | BytePositionInLine: 23.
2022-12-17 09:20:57.5326 [ERROR] => Failed parsing app '/home/john/src/Fenrus/Dotnet/Apps/Smart/EpicGames/app.json': The JSON value could not be converted to System.Nullable`1[Fenrus.ItemSize]. Path: $.DefaultSize | LineNumber: 4 | BytePositionInLine: 26.
2022-12-17 09:20:57.5435 [ERROR] => Failed parsing app '/home/john/src/Fenrus/Dotnet/Apps/Smart/Emby/app.json': The JSON value could not be converted to System.Nullable`1[Fenrus.ItemSize]. Path: $.DefaultSize | LineNumber: 5 | BytePositionInLine: 25.
2022-12-17 09:21:46.8598 [ERROR] => Failed parsing app '/home/john/src/Fenrus/Dotnet/Apps/Smart/Steam/app.json': The JSON value could not be converted to System.Nullable`1[Fenrus.ItemSize]. Path: $.DefaultSize | LineNumber: 5 | BytePositionInLine: 26.
2022-12-17 09:21:46.9122 [ERROR] => Failed parsing app '/home/john/src/Fenrus/Dotnet/Apps/Smart/Jellyfin/app.json': The JSON value could not be converted to System.Nullable`1[Fenrus.ItemSize]. Path: $.DefaultSize | LineNumber: 5 | BytePositionInLine: 25.
2022-12-17 09:21:46.9207 [ERROR] => Failed parsing app '/home/john/src/Fenrus/Dotnet/Apps/Smart/GOG/app.json': The JSON value could not be converted to System.Nullable`1[Fenrus.ItemSize]. Path: $.DefaultSize | LineNumber: 4 | BytePositionInLine: 23.
2022-12-17 09:21:46.9287 [ERROR] => Failed parsing app '/home/john/src/Fenrus/Dotnet/Apps/Smart/EpicGames/app.json': The JSON value could not be converted to System.Nullable`1[Fenrus.ItemSize]. Path: $.DefaultSize | LineNumber: 4 | BytePositionInLine: 26.
2022-12-17 09:21:46.9366 [ERROR] => Failed parsing app '/home/john/src/Fenrus/Dotnet/Apps/Smart/Emby/app.json': The JSON value could not be converted to System.Nullable`1[Fenrus.ItemSize]. Path: $.DefaultSize | LineNumber: 5 | BytePositionInLine: 25.
2022-12-17 09:23:09.5706 [ERROR] => Failed parsing app '/home/john/src/Fenrus/Dotnet/Apps/Smart/Steam/app.json': The JSON value could not be converted to System.Nullable`1[Fenrus.ItemSize]. Path: $.DefaultSize | LineNumber: 5 | BytePositionInLine: 26.
2022-12-17 09:23:09.6212 [ERROR] => Failed parsing app '/home/john/src/Fenrus/Dotnet/Apps/Smart/Jellyfin/app.json': The JSON value could not be converted to System.Nullable`1[Fenrus.ItemSize]. Path: $.DefaultSize | LineNumber: 5 | BytePositionInLine: 25.
2022-12-17 09:23:09.6295 [ERROR] => Failed parsing app '/home/john/src/Fenrus/Dotnet/Apps/Smart/GOG/app.json': The JSON value could not be converted to System.Nullable`1[Fenrus.ItemSize]. Path: $.DefaultSize | LineNumber: 4 | BytePositionInLine: 23.
2022-12-17 09:23:09.6367 [ERROR] => Failed parsing app '/home/john/src/Fenrus/Dotnet/Apps/Smart/EpicGames/app.json': The JSON value could not be converted to System.Nullable`1[Fenrus.ItemSize]. Path: $.DefaultSize | LineNumber: 4 | BytePositionInLine: 26.
2022-12-17 09:23:09.6434 [ERROR] => Failed parsing app '/home/john/src/Fenrus/Dotnet/Apps/Smart/Emby/app.json': The JSON value could not be converted to System.Nullable`1[Fenrus.ItemSize]. Path: $.DefaultSize | LineNumber: 5 | BytePositionInLine: 25.
2022-12-17 09:24:17.9457 [ERROR] => Failed parsing app '/home/john/src/Fenrus/Dotnet/Apps/Smart/Steam/app.json': The JSON value could not be converted to System.Nullable`1[Fenrus.ItemSize]. Path: $.DefaultSize | LineNumber: 5 | BytePositionInLine: 26.
2022-12-17 09:24:18.0060 [ERROR] => Failed parsing app '/home/john/src/Fenrus/Dotnet/Apps/Smart/Jellyfin/app.json': The JSON value could not be converted to System.Nullable`1[Fenrus.ItemSize]. Path: $.DefaultSize | LineNumber: 5 | BytePositionInLine: 25.
2022-12-17 09:24:18.0156 [ERROR] => Failed parsing app '/home/john/src/Fenrus/Dotnet/Apps/Smart/GOG/app.json': The JSON value could not be converted to System.Nullable`1[Fenrus.ItemSize]. Path: $.DefaultSize | LineNumber: 4 | BytePositionInLine: 23.
2022-12-17 09:24:18.0253 [ERROR] => Failed parsing app '/home/john/src/Fenrus/Dotnet/Apps/Smart/EpicGames/app.json': The JSON value could not be converted to System.Nullable`1[Fenrus.ItemSize]. Path: $.DefaultSize | LineNumber: 4 | BytePositionInLine: 26.
2022-12-17 09:24:18.0341 [ERROR] => Failed parsing app '/home/john/src/Fenrus/Dotnet/Apps/Smart/Emby/app.json': The JSON value could not be converted to System.Nullable`1[Fenrus.ItemSize]. Path: $.DefaultSize | LineNumber: 5 | BytePositionInLine: 25.
2022-12-17 09:25:22.2008 [ERROR] => Failed parsing app '/home/john/src/Fenrus/Dotnet/Apps/Smart/Steam/app.json': The JSON value could not be converted to System.Nullable`1[Fenrus.ItemSize]. Path: $.DefaultSize | LineNumber: 5 | BytePositionInLine: 26.
2022-12-17 09:25:22.2517 [ERROR] => Failed parsing app '/home/john/src/Fenrus/Dotnet/Apps/Smart/Jellyfin/app.json': The JSON value could not be converted to System.Nullable`1[Fenrus.ItemSize]. Path: $.DefaultSize | LineNumber: 5 | BytePositionInLine: 25.
2022-12-17 09:25:22.2611 [ERROR] => Failed parsing app '/home/john/src/Fenrus/Dotnet/Apps/Smart/GOG/app.json': The JSON value could not be converted to System.Nullable`1[Fenrus.ItemSize]. Path: $.DefaultSize | LineNumber: 4 | BytePositionInLine: 23.
2022-12-17 09:25:22.2701 [ERROR] => Failed parsing app '/home/john/src/Fenrus/Dotnet/Apps/Smart/EpicGames/app.json': The JSON value could not be converted to System.Nullable`1[Fenrus.ItemSize]. Path: $.DefaultSize | LineNumber: 4 | BytePositionInLine: 26.
2022-12-17 09:25:22.2787 [ERROR] => Failed parsing app '/home/john/src/Fenrus/Dotnet/Apps/Smart/Emby/app.json': The JSON value could not be converted to System.Nullable`1[Fenrus.ItemSize]. Path: $.DefaultSize | LineNumber: 5 | BytePositionInLine: 25.
2022-12-17 09:25:48.1515 [ERROR] => Failed parsing app '/home/john/src/Fenrus/Dotnet/Apps/Smart/Steam/app.json': The JSON value could not be converted to System.Nullable`1[Fenrus.ItemSize]. Path: $.DefaultSize | LineNumber: 5 | BytePositionInLine: 26.
2022-12-17 09:25:48.2037 [ERROR] => Failed parsing app '/home/john/src/Fenrus/Dotnet/Apps/Smart/Jellyfin/app.json': The JSON value could not be converted to System.Nullable`1[Fenrus.ItemSize]. Path: $.DefaultSize | LineNumber: 5 | BytePositionInLine: 25.
2022-12-17 09:25:48.2130 [ERROR] => Failed parsing app '/home/john/src/Fenrus/Dotnet/Apps/Smart/GOG/app.json': The JSON value could not be converted to System.Nullable`1[Fenrus.ItemSize]. Path: $.DefaultSize | LineNumber: 4 | BytePositionInLine: 23.
2022-12-17 09:25:48.2224 [ERROR] => Failed parsing app '/home/john/src/Fenrus/Dotnet/Apps/Smart/EpicGames/app.json': The JSON value could not be converted to System.Nullable`1[Fenrus.ItemSize]. Path: $.DefaultSize | LineNumber: 4 | BytePositionInLine: 26.
2022-12-17 09:25:48.2309 [ERROR] => Failed parsing app '/home/john/src/Fenrus/Dotnet/Apps/Smart/Emby/app.json': The JSON value could not be converted to System.Nullable`1[Fenrus.ItemSize]. Path: $.DefaultSize | LineNumber: 5 | BytePositionInLine: 25.
2022-12-17 09:26:41.5756 [ERROR] => Failed parsing app '/home/john/src/Fenrus/Dotnet/Apps/Smart/Steam/app.json': The JSON value could not be converted to System.Nullable`1[Fenrus.ItemSize]. Path: $.DefaultSize | LineNumber: 5 | BytePositionInLine: 26.
2022-12-17 09:26:41.6262 [ERROR] => Failed parsing app '/home/john/src/Fenrus/Dotnet/Apps/Smart/Jellyfin/app.json': The JSON value could not be converted to System.Nullable`1[Fenrus.ItemSize]. Path: $.DefaultSize | LineNumber: 5 | BytePositionInLine: 25.
2022-12-17 09:26:41.6351 [ERROR] => Failed parsing app '/home/john/src/Fenrus/Dotnet/Apps/Smart/GOG/app.json': The JSON value could not be converted to System.Nullable`1[Fenrus.ItemSize]. Path: $.DefaultSize | LineNumber: 4 | BytePositionInLine: 23.
2022-12-17 09:26:41.6437 [ERROR] => Failed parsing app '/home/john/src/Fenrus/Dotnet/Apps/Smart/EpicGames/app.json': The JSON value could not be converted to System.Nullable`1[Fenrus.ItemSize]. Path: $.DefaultSize | LineNumber: 4 | BytePositionInLine: 26.
2022-12-17 09:26:41.6516 [ERROR] => Failed parsing app '/home/john/src/Fenrus/Dotnet/Apps/Smart/Emby/app.json': The JSON value could not be converted to System.Nullable`1[Fenrus.ItemSize]. Path: $.DefaultSize | LineNumber: 5 | BytePositionInLine: 25.
2022-12-17 09:28:20.4413 [ERROR] => Failed parsing app '/home/john/src/Fenrus/Dotnet/Apps/Smart/Steam/app.json': The JSON value could not be converted to System.Nullable`1[Fenrus.ItemSize]. Path: $.DefaultSize | LineNumber: 5 | BytePositionInLine: 26.
2022-12-17 09:28:20.4928 [ERROR] => Failed parsing app '/home/john/src/Fenrus/Dotnet/Apps/Smart/Jellyfin/app.json': The JSON value could not be converted to System.Nullable`1[Fenrus.ItemSize]. Path: $.DefaultSize | LineNumber: 5 | BytePositionInLine: 25.
2022-12-17 09:28:20.5013 [ERROR] => Failed parsing app '/home/john/src/Fenrus/Dotnet/Apps/Smart/GOG/app.json': The JSON value could not be converted to System.Nullable`1[Fenrus.ItemSize]. Path: $.DefaultSize | LineNumber: 4 | BytePositionInLine: 23.
2022-12-17 09:28:20.5093 [ERROR] => Failed parsing app '/home/john/src/Fenrus/Dotnet/Apps/Smart/EpicGames/app.json': The JSON value could not be converted to System.Nullable`1[Fenrus.ItemSize]. Path: $.DefaultSize | LineNumber: 4 | BytePositionInLine: 26.
2022-12-17 09:28:20.5163 [ERROR] => Failed parsing app '/home/john/src/Fenrus/Dotnet/Apps/Smart/Emby/app.json': The JSON value could not be converted to System.Nullable`1[Fenrus.ItemSize]. Path: $.DefaultSize | LineNumber: 5 | BytePositionInLine: 25.
2022-12-17 09:28:48.7881 [ERROR] => Failed parsing app '/home/john/src/Fenrus/Dotnet/Apps/Smart/Steam/app.json': The JSON value could not be converted to System.Nullable`1[Fenrus.ItemSize]. Path: $.DefaultSize | LineNumber: 5 | BytePositionInLine: 26.
2022-12-17 09:28:48.8393 [ERROR] => Failed parsing app '/home/john/src/Fenrus/Dotnet/Apps/Smart/Jellyfin/app.json': The JSON value could not be converted to System.Nullable`1[Fenrus.ItemSize]. Path: $.DefaultSize | LineNumber: 5 | BytePositionInLine: 25.
2022-12-17 09:28:48.8477 [ERROR] => Failed parsing app '/home/john/src/Fenrus/Dotnet/Apps/Smart/GOG/app.json': The JSON value could not be converted to System.Nullable`1[Fenrus.ItemSize]. Path: $.DefaultSize | LineNumber: 4 | BytePositionInLine: 23.
2022-12-17 09:28:48.8559 [ERROR] => Failed parsing app '/home/john/src/Fenrus/Dotnet/Apps/Smart/EpicGames/app.json': The JSON value could not be converted to System.Nullable`1[Fenrus.ItemSize]. Path: $.DefaultSize | LineNumber: 4 | BytePositionInLine: 26.
2022-12-17 09:28:48.8639 [ERROR] => Failed parsing app '/home/john/src/Fenrus/Dotnet/Apps/Smart/Emby/app.json': The JSON value could not be converted to System.Nullable`1[Fenrus.ItemSize]. Path: $.DefaultSize | LineNumber: 5 | BytePositionInLine: 25.
2022-12-17 09:30:15.4392 [ERROR] => Failed parsing app '/home/john/src/Fenrus/Dotnet/Apps/Smart/Steam/app.json': The JSON value could not be converted to System.Nullable`1[Fenrus.ItemSize]. Path: $.DefaultSize | LineNumber: 5 | BytePositionInLine: 26.
2022-12-17 09:30:15.4921 [ERROR] => Failed parsing app '/home/john/src/Fenrus/Dotnet/Apps/Smart/Jellyfin/app.json': The JSON value could not be converted to System.Nullable`1[Fenrus.ItemSize]. Path: $.DefaultSize | LineNumber: 5 | BytePositionInLine: 25.
2022-12-17 09:30:15.5000 [ERROR] => Failed parsing app '/home/john/src/Fenrus/Dotnet/Apps/Smart/GOG/app.json': The JSON value could not be converted to System.Nullable`1[Fenrus.ItemSize]. Path: $.DefaultSize | LineNumber: 4 | BytePositionInLine: 23.
2022-12-17 09:30:15.5076 [ERROR] => Failed parsing app '/home/john/src/Fenrus/Dotnet/Apps/Smart/EpicGames/app.json': The JSON value could not be converted to System.Nullable`1[Fenrus.ItemSize]. Path: $.DefaultSize | LineNumber: 4 | BytePositionInLine: 26.
2022-12-17 09:30:15.5159 [ERROR] => Failed parsing app '/home/john/src/Fenrus/Dotnet/Apps/Smart/Emby/app.json': The JSON value could not be converted to System.Nullable`1[Fenrus.ItemSize]. Path: $.DefaultSize | LineNumber: 5 | BytePositionInLine: 25.
2022-12-17 09:30:50.1229 [ERROR] => Failed parsing app '/home/john/src/Fenrus/Dotnet/Apps/Smart/Steam/app.json': The JSON value could not be converted to System.Nullable`1[Fenrus.ItemSize]. Path: $.DefaultSize | LineNumber: 5 | BytePositionInLine: 26.
2022-12-17 09:30:50.1760 [ERROR] => Failed parsing app '/home/john/src/Fenrus/Dotnet/Apps/Smart/Jellyfin/app.json': The JSON value could not be converted to System.Nullable`1[Fenrus.ItemSize]. Path: $.DefaultSize | LineNumber: 5 | BytePositionInLine: 25.
2022-12-17 09:30:50.1861 [ERROR] => Failed parsing app '/home/john/src/Fenrus/Dotnet/Apps/Smart/GOG/app.json': The JSON value could not be converted to System.Nullable`1[Fenrus.ItemSize]. Path: $.DefaultSize | LineNumber: 4 | BytePositionInLine: 23.
2022-12-17 09:30:50.1967 [ERROR] => Failed parsing app '/home/john/src/Fenrus/Dotnet/Apps/Smart/EpicGames/app.json': The JSON value could not be converted to System.Nullable`1[Fenrus.ItemSize]. Path: $.DefaultSize | LineNumber: 4 | BytePositionInLine: 26.
2022-12-17 09:30:50.2065 [ERROR] => Failed parsing app '/home/john/src/Fenrus/Dotnet/Apps/Smart/Emby/app.json': The JSON value could not be converted to System.Nullable`1[Fenrus.ItemSize]. Path: $.DefaultSize | LineNumber: 5 | BytePositionInLine: 25.
2022-12-17 09:31:21.6400 [ERROR] => Failed parsing app '/home/john/src/Fenrus/Dotnet/Apps/Smart/Steam/app.json': The JSON value could not be converted to System.Nullable`1[Fenrus.ItemSize]. Path: $.DefaultSize | LineNumber: 5 | BytePositionInLine: 26.
2022-12-17 09:31:21.6931 [ERROR] => Failed parsing app '/home/john/src/Fenrus/Dotnet/Apps/Smart/Jellyfin/app.json': The JSON value could not be converted to System.Nullable`1[Fenrus.ItemSize]. Path: $.DefaultSize | LineNumber: 5 | BytePositionInLine: 25.
2022-12-17 09:31:21.7024 [ERROR] => Failed parsing app '/home/john/src/Fenrus/Dotnet/Apps/Smart/GOG/app.json': The JSON value could not be converted to System.Nullable`1[Fenrus.ItemSize]. Path: $.DefaultSize | LineNumber: 4 | BytePositionInLine: 23.
2022-12-17 09:31:21.7107 [ERROR] => Failed parsing app '/home/john/src/Fenrus/Dotnet/Apps/Smart/EpicGames/app.json': The JSON value could not be converted to System.Nullable`1[Fenrus.ItemSize]. Path: $.DefaultSize | LineNumber: 4 | BytePositionInLine: 26.
2022-12-17 09:31:21.7196 [ERROR] => Failed parsing app '/home/john/src/Fenrus/Dotnet/Apps/Smart/Emby/app.json': The JSON value could not be converted to System.Nullable`1[Fenrus.ItemSize]. Path: $.DefaultSize | LineNumber: 5 | BytePositionInLine: 25.
2022-12-17 09:31:46.3339 [ERROR] => Failed parsing app '/home/john/src/Fenrus/Dotnet/Apps/Smart/Steam/app.json': The JSON value could not be converted to System.Nullable`1[Fenrus.ItemSize]. Path: $.DefaultSize | LineNumber: 5 | BytePositionInLine: 26.
2022-12-17 09:31:46.3865 [ERROR] => Failed parsing app '/home/john/src/Fenrus/Dotnet/Apps/Smart/Jellyfin/app.json': The JSON value could not be converted to System.Nullable`1[Fenrus.ItemSize]. Path: $.DefaultSize | LineNumber: 5 | BytePositionInLine: 25.
2022-12-17 09:31:46.3955 [ERROR] => Failed parsing app '/home/john/src/Fenrus/Dotnet/Apps/Smart/GOG/app.json': The JSON value could not be converted to System.Nullable`1[Fenrus.ItemSize]. Path: $.DefaultSize | LineNumber: 4 | BytePositionInLine: 23.
2022-12-17 09:31:46.4044 [ERROR] => Failed parsing app '/home/john/src/Fenrus/Dotnet/Apps/Smart/EpicGames/app.json': The JSON value could not be converted to System.Nullable`1[Fenrus.ItemSize]. Path: $.DefaultSize | LineNumber: 4 | BytePositionInLine: 26.
2022-12-17 09:31:46.4131 [ERROR] => Failed parsing app '/home/john/src/Fenrus/Dotnet/Apps/Smart/Emby/app.json': The JSON value could not be converted to System.Nullable`1[Fenrus.ItemSize]. Path: $.DefaultSize | LineNumber: 5 | BytePositionInLine: 25.
2022-12-17 09:33:04.0354 [ERROR] => Failed parsing app '/home/john/src/Fenrus/Dotnet/Apps/Smart/Steam/app.json': The JSON value could not be converted to System.Nullable`1[Fenrus.ItemSize]. Path: $.DefaultSize | LineNumber: 5 | BytePositionInLine: 26.
2022-12-17 09:33:04.0884 [ERROR] => Failed parsing app '/home/john/src/Fenrus/Dotnet/Apps/Smart/Jellyfin/app.json': The JSON value could not be converted to System.Nullable`1[Fenrus.ItemSize]. Path: $.DefaultSize | LineNumber: 5 | BytePositionInLine: 25.
2022-12-17 09:33:04.0967 [ERROR] => Failed parsing app '/home/john/src/Fenrus/Dotnet/Apps/Smart/GOG/app.json': The JSON value could not be converted to System.Nullable`1[Fenrus.ItemSize]. Path: $.DefaultSize | LineNumber: 4 | BytePositionInLine: 23.
2022-12-17 09:33:04.1049 [ERROR] => Failed parsing app '/home/john/src/Fenrus/Dotnet/Apps/Smart/EpicGames/app.json': The JSON value could not be converted to System.Nullable`1[Fenrus.ItemSize]. Path: $.DefaultSize | LineNumber: 4 | BytePositionInLine: 26.
2022-12-17 09:33:04.1137 [ERROR] => Failed parsing app '/home/john/src/Fenrus/Dotnet/Apps/Smart/Emby/app.json': The JSON value could not be converted to System.Nullable`1[Fenrus.ItemSize]. Path: $.DefaultSize | LineNumber: 5 | BytePositionInLine: 25.
2022-12-17 09:33:36.3320 [ERROR] => Failed parsing app '/home/john/src/Fenrus/Dotnet/Apps/Smart/Steam/app.json': The JSON value could not be converted to System.Nullable`1[Fenrus.ItemSize]. Path: $.DefaultSize | LineNumber: 5 | BytePositionInLine: 26.
2022-12-17 09:33:36.3828 [ERROR] => Failed parsing app '/home/john/src/Fenrus/Dotnet/Apps/Smart/Jellyfin/app.json': The JSON value could not be converted to System.Nullable`1[Fenrus.ItemSize]. Path: $.DefaultSize | LineNumber: 5 | BytePositionInLine: 25.
2022-12-17 09:33:36.3917 [ERROR] => Failed parsing app '/home/john/src/Fenrus/Dotnet/Apps/Smart/GOG/app.json': The JSON value could not be converted to System.Nullable`1[Fenrus.ItemSize]. Path: $.DefaultSize | LineNumber: 4 | BytePositionInLine: 23.
2022-12-17 09:33:36.3997 [ERROR] => Failed parsing app '/home/john/src/Fenrus/Dotnet/Apps/Smart/EpicGames/app.json': The JSON value could not be converted to System.Nullable`1[Fenrus.ItemSize]. Path: $.DefaultSize | LineNumber: 4 | BytePositionInLine: 26.
2022-12-17 09:33:36.4083 [ERROR] => Failed parsing app '/home/john/src/Fenrus/Dotnet/Apps/Smart/Emby/app.json': The JSON value could not be converted to System.Nullable`1[Fenrus.ItemSize]. Path: $.DefaultSize | LineNumber: 5 | BytePositionInLine: 25.
2022-12-17 09:33:58.5058 [ERROR] => Failed parsing app '/home/john/src/Fenrus/Dotnet/Apps/Smart/Steam/app.json': The JSON value could not be converted to System.Nullable`1[Fenrus.ItemSize]. Path: $.DefaultSize | LineNumber: 5 | BytePositionInLine: 26.
2022-12-17 09:33:58.5623 [ERROR] => Failed parsing app '/home/john/src/Fenrus/Dotnet/Apps/Smart/Jellyfin/app.json': The JSON value could not be converted to System.Nullable`1[Fenrus.ItemSize]. Path: $.DefaultSize | LineNumber: 5 | BytePositionInLine: 25.
2022-12-17 09:33:58.5716 [ERROR] => Failed parsing app '/home/john/src/Fenrus/Dotnet/Apps/Smart/GOG/app.json': The JSON value could not be converted to System.Nullable`1[Fenrus.ItemSize]. Path: $.DefaultSize | LineNumber: 4 | BytePositionInLine: 23.
2022-12-17 09:33:58.5797 [ERROR] => Failed parsing app '/home/john/src/Fenrus/Dotnet/Apps/Smart/EpicGames/app.json': The JSON value could not be converted to System.Nullable`1[Fenrus.ItemSize]. Path: $.DefaultSize | LineNumber: 4 | BytePositionInLine: 26.
2022-12-17 09:33:58.5875 [ERROR] => Failed parsing app '/home/john/src/Fenrus/Dotnet/Apps/Smart/Emby/app.json': The JSON value could not be converted to System.Nullable`1[Fenrus.ItemSize]. Path: $.DefaultSize | LineNumber: 5 | BytePositionInLine: 25.
2022-12-17 09:34:23.3628 [ERROR] => Failed parsing app '/home/john/src/Fenrus/Dotnet/Apps/Smart/Steam/app.json': The JSON value could not be converted to System.Nullable`1[Fenrus.ItemSize]. Path: $.DefaultSize | LineNumber: 5 | BytePositionInLine: 26.
2022-12-17 09:34:23.4165 [ERROR] => Failed parsing app '/home/john/src/Fenrus/Dotnet/Apps/Smart/Jellyfin/app.json': The JSON value could not be converted to System.Nullable`1[Fenrus.ItemSize]. Path: $.DefaultSize | LineNumber: 5 | BytePositionInLine: 25.
2022-12-17 09:34:23.4265 [ERROR] => Failed parsing app '/home/john/src/Fenrus/Dotnet/Apps/Smart/GOG/app.json': The JSON value could not be converted to System.Nullable`1[Fenrus.ItemSize]. Path: $.DefaultSize | LineNumber: 4 | BytePositionInLine: 23.
2022-12-17 09:34:23.4357 [ERROR] => Failed parsing app '/home/john/src/Fenrus/Dotnet/Apps/Smart/EpicGames/app.json': The JSON value could not be converted to System.Nullable`1[Fenrus.ItemSize]. Path: $.DefaultSize | LineNumber: 4 | BytePositionInLine: 26.
2022-12-17 09:34:23.4447 [ERROR] => Failed parsing app '/home/john/src/Fenrus/Dotnet/Apps/Smart/Emby/app.json': The JSON value could not be converted to System.Nullable`1[Fenrus.ItemSize]. Path: $.DefaultSize | LineNumber: 5 | BytePositionInLine: 25.
2022-12-17 09:35:06.2749 [ERROR] => Failed parsing app '/home/john/src/Fenrus/Dotnet/Apps/Smart/Steam/app.json': The JSON value could not be converted to System.Nullable`1[Fenrus.ItemSize]. Path: $.DefaultSize | LineNumber: 5 | BytePositionInLine: 26.
2022-12-17 09:35:06.3274 [ERROR] => Failed parsing app '/home/john/src/Fenrus/Dotnet/Apps/Smart/Jellyfin/app.json': The JSON value could not be converted to System.Nullable`1[Fenrus.ItemSize]. Path: $.DefaultSize | LineNumber: 5 | BytePositionInLine: 25.
2022-12-17 09:35:06.3359 [ERROR] => Failed parsing app '/home/john/src/Fenrus/Dotnet/Apps/Smart/GOG/app.json': The JSON value could not be converted to System.Nullable`1[Fenrus.ItemSize]. Path: $.DefaultSize | LineNumber: 4 | BytePositionInLine: 23.
2022-12-17 09:35:06.3444 [ERROR] => Failed parsing app '/home/john/src/Fenrus/Dotnet/Apps/Smart/EpicGames/app.json': The JSON value could not be converted to System.Nullable`1[Fenrus.ItemSize]. Path: $.DefaultSize | LineNumber: 4 | BytePositionInLine: 26.
2022-12-17 09:35:06.3523 [ERROR] => Failed parsing app '/home/john/src/Fenrus/Dotnet/Apps/Smart/Emby/app.json': The JSON value could not be converted to System.Nullable`1[Fenrus.ItemSize]. Path: $.DefaultSize | LineNumber: 5 | BytePositionInLine: 25.
2022-12-17 09:36:03.0930 [ERROR] => Failed parsing app '/home/john/src/Fenrus/Dotnet/Apps/Smart/Steam/app.json': The JSON value could not be converted to System.Nullable`1[Fenrus.ItemSize]. Path: $.DefaultSize | LineNumber: 5 | BytePositionInLine: 26.
2022-12-17 09:36:03.1511 [ERROR] => Failed parsing app '/home/john/src/Fenrus/Dotnet/Apps/Smart/Jellyfin/app.json': The JSON value could not be converted to System.Nullable`1[Fenrus.ItemSize]. Path: $.DefaultSize | LineNumber: 5 | BytePositionInLine: 25.
2022-12-17 09:36:03.1604 [ERROR] => Failed parsing app '/home/john/src/Fenrus/Dotnet/Apps/Smart/GOG/app.json': The JSON value could not be converted to System.Nullable`1[Fenrus.ItemSize]. Path: $.DefaultSize | LineNumber: 4 | BytePositionInLine: 23.
2022-12-17 09:36:03.1699 [ERROR] => Failed parsing app '/home/john/src/Fenrus/Dotnet/Apps/Smart/EpicGames/app.json': The JSON value could not be converted to System.Nullable`1[Fenrus.ItemSize]. Path: $.DefaultSize | LineNumber: 4 | BytePositionInLine: 26.
2022-12-17 09:36:03.1789 [ERROR] => Failed parsing app '/home/john/src/Fenrus/Dotnet/Apps/Smart/Emby/app.json': The JSON value could not be converted to System.Nullable`1[Fenrus.ItemSize]. Path: $.DefaultSize | LineNumber: 5 | BytePositionInLine: 25.
2022-12-17 09:36:52.9675 [ERROR] => Failed parsing app '/home/john/src/Fenrus/Dotnet/Apps/Smart/Steam/app.json': The JSON value could not be converted to System.Nullable`1[Fenrus.ItemSize]. Path: $.DefaultSize | LineNumber: 5 | BytePositionInLine: 26.
2022-12-17 09:36:53.0215 [ERROR] => Failed parsing app '/home/john/src/Fenrus/Dotnet/Apps/Smart/Jellyfin/app.json': The JSON value could not be converted to System.Nullable`1[Fenrus.ItemSize]. Path: $.DefaultSize | LineNumber: 5 | BytePositionInLine: 25.
2022-12-17 09:36:53.0315 [ERROR] => Failed parsing app '/home/john/src/Fenrus/Dotnet/Apps/Smart/GOG/app.json': The JSON value could not be converted to System.Nullable`1[Fenrus.ItemSize]. Path: $.DefaultSize | LineNumber: 4 | BytePositionInLine: 23.
2022-12-17 09:36:53.0402 [ERROR] => Failed parsing app '/home/john/src/Fenrus/Dotnet/Apps/Smart/EpicGames/app.json': The JSON value could not be converted to System.Nullable`1[Fenrus.ItemSize]. Path: $.DefaultSize | LineNumber: 4 | BytePositionInLine: 26.
2022-12-17 09:36:53.0479 [ERROR] => Failed parsing app '/home/john/src/Fenrus/Dotnet/Apps/Smart/Emby/app.json': The JSON value could not be converted to System.Nullable`1[Fenrus.ItemSize]. Path: $.DefaultSize | LineNumber: 5 | BytePositionInLine: 25.
2022-12-17 09:38:58.3384 [ERROR] => Failed parsing app '/home/john/src/Fenrus/Dotnet/Apps/Smart/Steam/app.json': The JSON value could not be converted to System.Nullable`1[Fenrus.ItemSize]. Path: $.DefaultSize | LineNumber: 5 | BytePositionInLine: 26.
2022-12-17 09:38:58.3918 [ERROR] => Failed parsing app '/home/john/src/Fenrus/Dotnet/Apps/Smart/Jellyfin/app.json': The JSON value could not be converted to System.Nullable`1[Fenrus.ItemSize]. Path: $.DefaultSize | LineNumber: 5 | BytePositionInLine: 25.
2022-12-17 09:38:58.4006 [ERROR] => Failed parsing app '/home/john/src/Fenrus/Dotnet/Apps/Smart/GOG/app.json': The JSON value could not be converted to System.Nullable`1[Fenrus.ItemSize]. Path: $.DefaultSize | LineNumber: 4 | BytePositionInLine: 23.
2022-12-17 09:38:58.4098 [ERROR] => Failed parsing app '/home/john/src/Fenrus/Dotnet/Apps/Smart/EpicGames/app.json': The JSON value could not be converted to System.Nullable`1[Fenrus.ItemSize]. Path: $.DefaultSize | LineNumber: 4 | BytePositionInLine: 26.
2022-12-17 09:38:58.4191 [ERROR] => Failed parsing app '/home/john/src/Fenrus/Dotnet/Apps/Smart/Emby/app.json': The JSON value could not be converted to System.Nullable`1[Fenrus.ItemSize]. Path: $.DefaultSize | LineNumber: 5 | BytePositionInLine: 25.
2022-12-17 09:42:37.6657 [ERROR] => Failed parsing app '/home/john/src/Fenrus/Dotnet/Apps/Smart/Steam/app.json': The JSON value could not be converted to System.Nullable`1[Fenrus.ItemSize]. Path: $.DefaultSize | LineNumber: 5 | BytePositionInLine: 26.
2022-12-17 09:42:37.7145 [ERROR] => Failed parsing app '/home/john/src/Fenrus/Dotnet/Apps/Smart/Jellyfin/app.json': The JSON value could not be converted to System.Nullable`1[Fenrus.ItemSize]. Path: $.DefaultSize | LineNumber: 5 | BytePositionInLine: 25.
2022-12-17 09:42:37.7229 [ERROR] => Failed parsing app '/home/john/src/Fenrus/Dotnet/Apps/Smart/GOG/app.json': The JSON value could not be converted to System.Nullable`1[Fenrus.ItemSize]. Path: $.DefaultSize | LineNumber: 4 | BytePositionInLine: 23.
2022-12-17 09:42:37.7311 [ERROR] => Failed parsing app '/home/john/src/Fenrus/Dotnet/Apps/Smart/EpicGames/app.json': The JSON value could not be converted to System.Nullable`1[Fenrus.ItemSize]. Path: $.DefaultSize | LineNumber: 4 | BytePositionInLine: 26.
2022-12-17 09:42:37.7389 [ERROR] => Failed parsing app '/home/john/src/Fenrus/Dotnet/Apps/Smart/Emby/app.json': The JSON value could not be converted to System.Nullable`1[Fenrus.ItemSize]. Path: $.DefaultSize | LineNumber: 5 | BytePositionInLine: 25.
2022-12-17 09:43:21.4564 [ERROR] => Failed parsing app '/home/john/src/Fenrus/Dotnet/Apps/Smart/Steam/app.json': The JSON value could not be converted to System.Nullable`1[Fenrus.ItemSize]. Path: $.DefaultSize | LineNumber: 5 | BytePositionInLine: 26.
2022-12-17 09:43:21.5099 [ERROR] => Failed parsing app '/home/john/src/Fenrus/Dotnet/Apps/Smart/Jellyfin/app.json': The JSON value could not be converted to System.Nullable`1[Fenrus.ItemSize]. Path: $.DefaultSize | LineNumber: 5 | BytePositionInLine: 25.
2022-12-17 09:43:21.5184 [ERROR] => Failed parsing app '/home/john/src/Fenrus/Dotnet/Apps/Smart/GOG/app.json': The JSON value could not be converted to System.Nullable`1[Fenrus.ItemSize]. Path: $.DefaultSize | LineNumber: 4 | BytePositionInLine: 23.
2022-12-17 09:43:21.5267 [ERROR] => Failed parsing app '/home/john/src/Fenrus/Dotnet/Apps/Smart/EpicGames/app.json': The JSON value could not be converted to System.Nullable`1[Fenrus.ItemSize]. Path: $.DefaultSize | LineNumber: 4 | BytePositionInLine: 26.
2022-12-17 09:43:21.5349 [ERROR] => Failed parsing app '/home/john/src/Fenrus/Dotnet/Apps/Smart/Emby/app.json': The JSON value could not be converted to System.Nullable`1[Fenrus.ItemSize]. Path: $.DefaultSize | LineNumber: 5 | BytePositionInLine: 25.
2022-12-17 09:46:00.1878 [ERROR] => Failed parsing app '/home/john/src/Fenrus/Dotnet/Apps/Smart/Steam/app.json': The JSON value could not be converted to System.Nullable`1[Fenrus.ItemSize]. Path: $.DefaultSize | LineNumber: 5 | BytePositionInLine: 26.
2022-12-17 09:46:00.2514 [ERROR] => Failed parsing app '/home/john/src/Fenrus/Dotnet/Apps/Smart/Jellyfin/app.json': The JSON value could not be converted to System.Nullable`1[Fenrus.ItemSize]. Path: $.DefaultSize | LineNumber: 5 | BytePositionInLine: 25.
2022-12-17 09:46:00.2602 [ERROR] => Failed parsing app '/home/john/src/Fenrus/Dotnet/Apps/Smart/GOG/app.json': The JSON value could not be converted to System.Nullable`1[Fenrus.ItemSize]. Path: $.DefaultSize | LineNumber: 4 | BytePositionInLine: 23.
2022-12-17 09:46:00.2688 [ERROR] => Failed parsing app '/home/john/src/Fenrus/Dotnet/Apps/Smart/EpicGames/app.json': The JSON value could not be converted to System.Nullable`1[Fenrus.ItemSize]. Path: $.DefaultSize | LineNumber: 4 | BytePositionInLine: 26.
2022-12-17 09:46:00.2777 [ERROR] => Failed parsing app '/home/john/src/Fenrus/Dotnet/Apps/Smart/Emby/app.json': The JSON value could not be converted to System.Nullable`1[Fenrus.ItemSize]. Path: $.DefaultSize | LineNumber: 5 | BytePositionInLine: 25.
2022-12-17 09:47:43.0323 [ERROR] => Failed parsing app '/home/john/src/Fenrus/Dotnet/Apps/Smart/Steam/app.json': The JSON value could not be converted to System.Nullable`1[Fenrus.ItemSize]. Path: $.DefaultSize | LineNumber: 5 | BytePositionInLine: 26.
2022-12-17 09:47:43.0864 [ERROR] => Failed parsing app '/home/john/src/Fenrus/Dotnet/Apps/Smart/Jellyfin/app.json': The JSON value could not be converted to System.Nullable`1[Fenrus.ItemSize]. Path: $.DefaultSize | LineNumber: 5 | BytePositionInLine: 25.
2022-12-17 09:47:43.0960 [ERROR] => Failed parsing app '/home/john/src/Fenrus/Dotnet/Apps/Smart/GOG/app.json': The JSON value could not be converted to System.Nullable`1[Fenrus.ItemSize]. Path: $.DefaultSize | LineNumber: 4 | BytePositionInLine: 23.
2022-12-17 09:47:43.1048 [ERROR] => Failed parsing app '/home/john/src/Fenrus/Dotnet/Apps/Smart/EpicGames/app.json': The JSON value could not be converted to System.Nullable`1[Fenrus.ItemSize]. Path: $.DefaultSize | LineNumber: 4 | BytePositionInLine: 26.
2022-12-17 09:47:43.1134 [ERROR] => Failed parsing app '/home/john/src/Fenrus/Dotnet/Apps/Smart/Emby/app.json': The JSON value could not be converted to System.Nullable`1[Fenrus.ItemSize]. Path: $.DefaultSize | LineNumber: 5 | BytePositionInLine: 25.
2022-12-17 09:50:11.1394 [ERROR] => Failed parsing app '/home/john/src/Fenrus/Dotnet/Apps/Smart/Steam/app.json': The JSON value could not be converted to System.Nullable`1[Fenrus.ItemSize]. Path: $.DefaultSize | LineNumber: 5 | BytePositionInLine: 26.
2022-12-17 09:50:11.1890 [ERROR] => Failed parsing app '/home/john/src/Fenrus/Dotnet/Apps/Smart/Jellyfin/app.json': The JSON value could not be converted to System.Nullable`1[Fenrus.ItemSize]. Path: $.DefaultSize | LineNumber: 5 | BytePositionInLine: 25.
2022-12-17 09:50:11.1982 [ERROR] => Failed parsing app '/home/john/src/Fenrus/Dotnet/Apps/Smart/GOG/app.json': The JSON value could not be converted to System.Nullable`1[Fenrus.ItemSize]. Path: $.DefaultSize | LineNumber: 4 | BytePositionInLine: 23.
2022-12-17 09:50:11.2069 [ERROR] => Failed parsing app '/home/john/src/Fenrus/Dotnet/Apps/Smart/EpicGames/app.json': The JSON value could not be converted to System.Nullable`1[Fenrus.ItemSize]. Path: $.DefaultSize | LineNumber: 4 | BytePositionInLine: 26.
2022-12-17 09:50:11.2155 [ERROR] => Failed parsing app '/home/john/src/Fenrus/Dotnet/Apps/Smart/Emby/app.json': The JSON value could not be converted to System.Nullable`1[Fenrus.ItemSize]. Path: $.DefaultSize | LineNumber: 5 | BytePositionInLine: 25.
2022-12-17 09:52:41.9107 [ERROR] => Failed parsing app '/home/john/src/Fenrus/Dotnet/Apps/Smart/Steam/app.json': The JSON value could not be converted to System.Nullable`1[Fenrus.ItemSize]. Path: $.DefaultSize | LineNumber: 5 | BytePositionInLine: 26.
2022-12-17 09:52:41.9615 [ERROR] => Failed parsing app '/home/john/src/Fenrus/Dotnet/Apps/Smart/Jellyfin/app.json': The JSON value could not be converted to System.Nullable`1[Fenrus.ItemSize]. Path: $.DefaultSize | LineNumber: 5 | BytePositionInLine: 25.
2022-12-17 09:52:41.9697 [ERROR] => Failed parsing app '/home/john/src/Fenrus/Dotnet/Apps/Smart/GOG/app.json': The JSON value could not be converted to System.Nullable`1[Fenrus.ItemSize]. Path: $.DefaultSize | LineNumber: 4 | BytePositionInLine: 23.
2022-12-17 09:52:41.9779 [ERROR] => Failed parsing app '/home/john/src/Fenrus/Dotnet/Apps/Smart/EpicGames/app.json': The JSON value could not be converted to System.Nullable`1[Fenrus.ItemSize]. Path: $.DefaultSize | LineNumber: 4 | BytePositionInLine: 26.
2022-12-17 09:52:41.9857 [ERROR] => Failed parsing app '/home/john/src/Fenrus/Dotnet/Apps/Smart/Emby/app.json': The JSON value could not be converted to System.Nullable`1[Fenrus.ItemSize]. Path: $.DefaultSize | LineNumber: 5 | BytePositionInLine: 25.
2022-12-17 09:54:19.1065 [ERROR] => Failed parsing app '/home/john/src/Fenrus/Dotnet/Apps/Smart/Steam/app.json': The JSON value could not be converted to System.Nullable`1[Fenrus.ItemSize]. Path: $.DefaultSize | LineNumber: 5 | BytePositionInLine: 26.
2022-12-17 09:54:19.1583 [ERROR] => Failed parsing app '/home/john/src/Fenrus/Dotnet/Apps/Smart/Jellyfin/app.json': The JSON value could not be converted to System.Nullable`1[Fenrus.ItemSize]. Path: $.DefaultSize | LineNumber: 5 | BytePositionInLine: 25.
2022-12-17 09:54:19.1666 [ERROR] => Failed parsing app '/home/john/src/Fenrus/Dotnet/Apps/Smart/GOG/app.json': The JSON value could not be converted to System.Nullable`1[Fenrus.ItemSize]. Path: $.DefaultSize | LineNumber: 4 | BytePositionInLine: 23.
2022-12-17 09:54:19.1739 [ERROR] => Failed parsing app '/home/john/src/Fenrus/Dotnet/Apps/Smart/EpicGames/app.json': The JSON value could not be converted to System.Nullable`1[Fenrus.ItemSize]. Path: $.DefaultSize | LineNumber: 4 | BytePositionInLine: 26.
2022-12-17 09:54:19.1818 [ERROR] => Failed parsing app '/home/john/src/Fenrus/Dotnet/Apps/Smart/Emby/app.json': The JSON value could not be converted to System.Nullable`1[Fenrus.ItemSize]. Path: $.DefaultSize | LineNumber: 5 | BytePositionInLine: 25.
2022-12-17 09:55:37.6984 [ERROR] => Failed parsing app '/home/john/src/Fenrus/Dotnet/Apps/Smart/Steam/app.json': The JSON value could not be converted to System.Nullable`1[Fenrus.ItemSize]. Path: $.DefaultSize | LineNumber: 5 | BytePositionInLine: 26.
2022-12-17 09:55:37.7488 [ERROR] => Failed parsing app '/home/john/src/Fenrus/Dotnet/Apps/Smart/Jellyfin/app.json': The JSON value could not be converted to System.Nullable`1[Fenrus.ItemSize]. Path: $.DefaultSize | LineNumber: 5 | BytePositionInLine: 25.
2022-12-17 09:55:37.7571 [ERROR] => Failed parsing app '/home/john/src/Fenrus/Dotnet/Apps/Smart/GOG/app.json': The JSON value could not be converted to System.Nullable`1[Fenrus.ItemSize]. Path: $.DefaultSize | LineNumber: 4 | BytePositionInLine: 23.
2022-12-17 09:55:37.7656 [ERROR] => Failed parsing app '/home/john/src/Fenrus/Dotnet/Apps/Smart/EpicGames/app.json': The JSON value could not be converted to System.Nullable`1[Fenrus.ItemSize]. Path: $.DefaultSize | LineNumber: 4 | BytePositionInLine: 26.
2022-12-17 09:55:37.7736 [ERROR] => Failed parsing app '/home/john/src/Fenrus/Dotnet/Apps/Smart/Emby/app.json': The JSON value could not be converted to System.Nullable`1[Fenrus.ItemSize]. Path: $.DefaultSize | LineNumber: 5 | BytePositionInLine: 25.
2022-12-17 10:00:36.8870 [ERROR] => Failed parsing app '/home/john/src/Fenrus/Dotnet/Apps/Smart/Steam/app.json': The JSON value could not be converted to System.Nullable`1[Fenrus.ItemSize]. Path: $.DefaultSize | LineNumber: 5 | BytePositionInLine: 26.
2022-12-17 10:00:36.9395 [ERROR] => Failed parsing app '/home/john/src/Fenrus/Dotnet/Apps/Smart/Jellyfin/app.json': The JSON value could not be converted to System.Nullable`1[Fenrus.ItemSize]. Path: $.DefaultSize | LineNumber: 5 | BytePositionInLine: 25.
2022-12-17 10:00:36.9482 [ERROR] => Failed parsing app '/home/john/src/Fenrus/Dotnet/Apps/Smart/GOG/app.json': The JSON value could not be converted to System.Nullable`1[Fenrus.ItemSize]. Path: $.DefaultSize | LineNumber: 4 | BytePositionInLine: 23.
2022-12-17 10:00:36.9556 [ERROR] => Failed parsing app '/home/john/src/Fenrus/Dotnet/Apps/Smart/EpicGames/app.json': The JSON value could not be converted to System.Nullable`1[Fenrus.ItemSize]. Path: $.DefaultSize | LineNumber: 4 | BytePositionInLine: 26.
2022-12-17 10:00:36.9635 [ERROR] => Failed parsing app '/home/john/src/Fenrus/Dotnet/Apps/Smart/Emby/app.json': The JSON value could not be converted to System.Nullable`1[Fenrus.ItemSize]. Path: $.DefaultSize | LineNumber: 5 | BytePositionInLine: 25.
2022-12-17 10:02:44.7519 [ERROR] => Failed parsing app '/home/john/src/Fenrus/Dotnet/Apps/Smart/Steam/app.json': The JSON value could not be converted to System.Nullable`1[Fenrus.ItemSize]. Path: $.DefaultSize | LineNumber: 5 | BytePositionInLine: 26.
2022-12-17 10:02:44.8091 [ERROR] => Failed parsing app '/home/john/src/Fenrus/Dotnet/Apps/Smart/Jellyfin/app.json': The JSON value could not be converted to System.Nullable`1[Fenrus.ItemSize]. Path: $.DefaultSize | LineNumber: 5 | BytePositionInLine: 25.
2022-12-17 10:02:44.8181 [ERROR] => Failed parsing app '/home/john/src/Fenrus/Dotnet/Apps/Smart/GOG/app.json': The JSON value could not be converted to System.Nullable`1[Fenrus.ItemSize]. Path: $.DefaultSize | LineNumber: 4 | BytePositionInLine: 23.
2022-12-17 10:02:44.8269 [ERROR] => Failed parsing app '/home/john/src/Fenrus/Dotnet/Apps/Smart/EpicGames/app.json': The JSON value could not be converted to System.Nullable`1[Fenrus.ItemSize]. Path: $.DefaultSize | LineNumber: 4 | BytePositionInLine: 26.
2022-12-17 10:02:44.8356 [ERROR] => Failed parsing app '/home/john/src/Fenrus/Dotnet/Apps/Smart/Emby/app.json': The JSON value could not be converted to System.Nullable`1[Fenrus.ItemSize]. Path: $.DefaultSize | LineNumber: 5 | BytePositionInLine: 25.
2022-12-17 10:04:18.0382 [ERROR] => Failed parsing app '/home/john/src/Fenrus/Dotnet/Apps/Smart/Steam/app.json': The JSON value could not be converted to System.Nullable`1[Fenrus.ItemSize]. Path: $.DefaultSize | LineNumber: 5 | BytePositionInLine: 26.
2022-12-17 10:04:18.0949 [ERROR] => Failed parsing app '/home/john/src/Fenrus/Dotnet/Apps/Smart/Jellyfin/app.json': The JSON value could not be converted to System.Nullable`1[Fenrus.ItemSize]. Path: $.DefaultSize | LineNumber: 5 | BytePositionInLine: 25.
2022-12-17 10:04:18.1055 [ERROR] => Failed parsing app '/home/john/src/Fenrus/Dotnet/Apps/Smart/GOG/app.json': The JSON value could not be converted to System.Nullable`1[Fenrus.ItemSize]. Path: $.DefaultSize | LineNumber: 4 | BytePositionInLine: 23.
2022-12-17 10:04:18.1145 [ERROR] => Failed parsing app '/home/john/src/Fenrus/Dotnet/Apps/Smart/EpicGames/app.json': The JSON value could not be converted to System.Nullable`1[Fenrus.ItemSize]. Path: $.DefaultSize | LineNumber: 4 | BytePositionInLine: 26.
2022-12-17 10:04:18.1236 [ERROR] => Failed parsing app '/home/john/src/Fenrus/Dotnet/Apps/Smart/Emby/app.json': The JSON value could not be converted to System.Nullable`1[Fenrus.ItemSize]. Path: $.DefaultSize | LineNumber: 5 | BytePositionInLine: 25.
2022-12-17 10:09:21.9041 [ERROR] => Failed parsing app '/home/john/src/Fenrus/Dotnet/Apps/Smart/Steam/app.json': The JSON value could not be converted to System.Nullable`1[Fenrus.ItemSize]. Path: $.DefaultSize | LineNumber: 5 | BytePositionInLine: 26.
2022-12-17 10:09:21.9556 [ERROR] => Failed parsing app '/home/john/src/Fenrus/Dotnet/Apps/Smart/Jellyfin/app.json': The JSON value could not be converted to System.Nullable`1[Fenrus.ItemSize]. Path: $.DefaultSize | LineNumber: 5 | BytePositionInLine: 25.
2022-12-17 10:09:21.9653 [ERROR] => Failed parsing app '/home/john/src/Fenrus/Dotnet/Apps/Smart/GOG/app.json': The JSON value could not be converted to System.Nullable`1[Fenrus.ItemSize]. Path: $.DefaultSize | LineNumber: 4 | BytePositionInLine: 23.
2022-12-17 10:09:21.9737 [ERROR] => Failed parsing app '/home/john/src/Fenrus/Dotnet/Apps/Smart/EpicGames/app.json': The JSON value could not be converted to System.Nullable`1[Fenrus.ItemSize]. Path: $.DefaultSize | LineNumber: 4 | BytePositionInLine: 26.
2022-12-17 10:09:21.9814 [ERROR] => Failed parsing app '/home/john/src/Fenrus/Dotnet/Apps/Smart/Emby/app.json': The JSON value could not be converted to System.Nullable`1[Fenrus.ItemSize]. Path: $.DefaultSize | LineNumber: 5 | BytePositionInLine: 25.
2022-12-17 10:13:26.8487 [ERROR] => Failed parsing app '/home/john/src/Fenrus/Dotnet/Apps/Smart/Steam/app.json': The JSON value could not be converted to System.Nullable`1[Fenrus.ItemSize]. Path: $.DefaultSize | LineNumber: 5 | BytePositionInLine: 26.
2022-12-17 10:13:26.9033 [ERROR] => Failed parsing app '/home/john/src/Fenrus/Dotnet/Apps/Smart/Jellyfin/app.json': The JSON value could not be converted to System.Nullable`1[Fenrus.ItemSize]. Path: $.DefaultSize | LineNumber: 5 | BytePositionInLine: 25.
2022-12-17 10:13:26.9119 [ERROR] => Failed parsing app '/home/john/src/Fenrus/Dotnet/Apps/Smart/GOG/app.json': The JSON value could not be converted to System.Nullable`1[Fenrus.ItemSize]. Path: $.DefaultSize | LineNumber: 4 | BytePositionInLine: 23.
2022-12-17 10:13:26.9199 [ERROR] => Failed parsing app '/home/john/src/Fenrus/Dotnet/Apps/Smart/EpicGames/app.json': The JSON value could not be converted to System.Nullable`1[Fenrus.ItemSize]. Path: $.DefaultSize | LineNumber: 4 | BytePositionInLine: 26.
2022-12-17 10:13:26.9286 [ERROR] => Failed parsing app '/home/john/src/Fenrus/Dotnet/Apps/Smart/Emby/app.json': The JSON value could not be converted to System.Nullable`1[Fenrus.ItemSize]. Path: $.DefaultSize | LineNumber: 5 | BytePositionInLine: 25.
2022-12-17 10:21:27.6570 [ERROR] => Failed parsing app '/home/john/src/Fenrus/Dotnet/Apps/Smart/Steam/app.json': The JSON value could not be converted to System.Nullable`1[Fenrus.ItemSize]. Path: $.DefaultSize | LineNumber: 5 | BytePositionInLine: 26.
2022-12-17 10:21:27.7094 [ERROR] => Failed parsing app '/home/john/src/Fenrus/Dotnet/Apps/Smart/Jellyfin/app.json': The JSON value could not be converted to System.Nullable`1[Fenrus.ItemSize]. Path: $.DefaultSize | LineNumber: 5 | BytePositionInLine: 25.
2022-12-17 10:21:27.7174 [ERROR] => Failed parsing app '/home/john/src/Fenrus/Dotnet/Apps/Smart/GOG/app.json': The JSON value could not be converted to System.Nullable`1[Fenrus.ItemSize]. Path: $.DefaultSize | LineNumber: 4 | BytePositionInLine: 23.
2022-12-17 10:21:27.7246 [ERROR] => Failed parsing app '/home/john/src/Fenrus/Dotnet/Apps/Smart/EpicGames/app.json': The JSON value could not be converted to System.Nullable`1[Fenrus.ItemSize]. Path: $.DefaultSize | LineNumber: 4 | BytePositionInLine: 26.
2022-12-17 10:21:27.7317 [ERROR] => Failed parsing app '/home/john/src/Fenrus/Dotnet/Apps/Smart/Emby/app.json': The JSON value could not be converted to System.Nullable`1[Fenrus.ItemSize]. Path: $.DefaultSize | LineNumber: 5 | BytePositionInLine: 25.
2022-12-17 10:24:39.1543 [ERROR] => Failed parsing app '/home/john/src/Fenrus/Dotnet/Apps/Smart/Steam/app.json': The JSON value could not be converted to System.Nullable`1[Fenrus.ItemSize]. Path: $.DefaultSize | LineNumber: 5 | BytePositionInLine: 26.
2022-12-17 10:24:39.2093 [ERROR] => Failed parsing app '/home/john/src/Fenrus/Dotnet/Apps/Smart/Jellyfin/app.json': The JSON value could not be converted to System.Nullable`1[Fenrus.ItemSize]. Path: $.DefaultSize | LineNumber: 5 | BytePositionInLine: 25.
2022-12-17 10:24:39.2178 [ERROR] => Failed parsing app '/home/john/src/Fenrus/Dotnet/Apps/Smart/GOG/app.json': The JSON value could not be converted to System.Nullable`1[Fenrus.ItemSize]. Path: $.DefaultSize | LineNumber: 4 | BytePositionInLine: 23.
2022-12-17 10:24:39.2257 [ERROR] => Failed parsing app '/home/john/src/Fenrus/Dotnet/Apps/Smart/EpicGames/app.json': The JSON value could not be converted to System.Nullable`1[Fenrus.ItemSize]. Path: $.DefaultSize | LineNumber: 4 | BytePositionInLine: 26.
2022-12-17 10:24:39.2345 [ERROR] => Failed parsing app '/home/john/src/Fenrus/Dotnet/Apps/Smart/Emby/app.json': The JSON value could not be converted to System.Nullable`1[Fenrus.ItemSize]. Path: $.DefaultSize | LineNumber: 5 | BytePositionInLine: 25.
2022-12-17 20:11:41.2218 [ERROR] => Failed parsing app '/home/john/src/Fenrus/Dotnet/Apps/Smart/Steam/app.json': The JSON value could not be converted to System.Nullable`1[Fenrus.ItemSize]. Path: $.DefaultSize | LineNumber: 5 | BytePositionInLine: 26.
2022-12-17 20:11:41.2741 [ERROR] => Failed parsing app '/home/john/src/Fenrus/Dotnet/Apps/Smart/Jellyfin/app.json': The JSON value could not be converted to System.Nullable`1[Fenrus.ItemSize]. Path: $.DefaultSize | LineNumber: 5 | BytePositionInLine: 25.
2022-12-17 20:11:41.2837 [ERROR] => Failed parsing app '/home/john/src/Fenrus/Dotnet/Apps/Smart/GOG/app.json': The JSON value could not be converted to System.Nullable`1[Fenrus.ItemSize]. Path: $.DefaultSize | LineNumber: 4 | BytePositionInLine: 23.
2022-12-17 20:11:41.2927 [ERROR] => Failed parsing app '/home/john/src/Fenrus/Dotnet/Apps/Smart/EpicGames/app.json': The JSON value could not be converted to System.Nullable`1[Fenrus.ItemSize]. Path: $.DefaultSize | LineNumber: 4 | BytePositionInLine: 26.
2022-12-17 20:11:41.3025 [ERROR] => Failed parsing app '/home/john/src/Fenrus/Dotnet/Apps/Smart/Emby/app.json': The JSON value could not be converted to System.Nullable`1[Fenrus.ItemSize]. Path: $.DefaultSize | LineNumber: 5 | BytePositionInLine: 25.
2022-12-17 20:15:02.1919 [ERROR] => Failed parsing app '/home/john/src/Fenrus/Dotnet/Apps/Smart/Steam/app.json': The JSON value could not be converted to System.Nullable`1[Fenrus.ItemSize]. Path: $.DefaultSize | LineNumber: 5 | BytePositionInLine: 26.
2022-12-17 20:15:02.2414 [ERROR] => Failed parsing app '/home/john/src/Fenrus/Dotnet/Apps/Smart/Jellyfin/app.json': The JSON value could not be converted to System.Nullable`1[Fenrus.ItemSize]. Path: $.DefaultSize | LineNumber: 5 | BytePositionInLine: 25.
2022-12-17 20:15:02.2498 [ERROR] => Failed parsing app '/home/john/src/Fenrus/Dotnet/Apps/Smart/GOG/app.json': The JSON value could not be converted to System.Nullable`1[Fenrus.ItemSize]. Path: $.DefaultSize | LineNumber: 4 | BytePositionInLine: 23.
2022-12-17 20:15:02.2585 [ERROR] => Failed parsing app '/home/john/src/Fenrus/Dotnet/Apps/Smart/EpicGames/app.json': The JSON value could not be converted to System.Nullable`1[Fenrus.ItemSize]. Path: $.DefaultSize | LineNumber: 4 | BytePositionInLine: 26.
2022-12-17 20:15:02.2665 [ERROR] => Failed parsing app '/home/john/src/Fenrus/Dotnet/Apps/Smart/Emby/app.json': The JSON value could not be converted to System.Nullable`1[Fenrus.ItemSize]. Path: $.DefaultSize | LineNumber: 5 | BytePositionInLine: 25.
2022-12-17 20:16:09.7420 [ERROR] => Failed parsing app '/home/john/src/Fenrus/Dotnet/Apps/Smart/Steam/app.json': The JSON value could not be converted to System.Nullable`1[Fenrus.ItemSize]. Path: $.DefaultSize | LineNumber: 5 | BytePositionInLine: 26.
2022-12-17 20:16:09.7943 [ERROR] => Failed parsing app '/home/john/src/Fenrus/Dotnet/Apps/Smart/Jellyfin/app.json': The JSON value could not be converted to System.Nullable`1[Fenrus.ItemSize]. Path: $.DefaultSize | LineNumber: 5 | BytePositionInLine: 25.
2022-12-17 20:16:09.8039 [ERROR] => Failed parsing app '/home/john/src/Fenrus/Dotnet/Apps/Smart/GOG/app.json': The JSON value could not be converted to System.Nullable`1[Fenrus.ItemSize]. Path: $.DefaultSize | LineNumber: 4 | BytePositionInLine: 23.
2022-12-17 20:16:09.8129 [ERROR] => Failed parsing app '/home/john/src/Fenrus/Dotnet/Apps/Smart/EpicGames/app.json': The JSON value could not be converted to System.Nullable`1[Fenrus.ItemSize]. Path: $.DefaultSize | LineNumber: 4 | BytePositionInLine: 26.
2022-12-17 20:16:09.8219 [ERROR] => Failed parsing app '/home/john/src/Fenrus/Dotnet/Apps/Smart/Emby/app.json': The JSON value could not be converted to System.Nullable`1[Fenrus.ItemSize]. Path: $.DefaultSize | LineNumber: 5 | BytePositionInLine: 25.
2022-12-17 20:18:27.8619 [ERROR] => Failed parsing app '/home/john/src/Fenrus/Dotnet/Apps/Smart/Steam/app.json': The JSON value could not be converted to System.Nullable`1[Fenrus.ItemSize]. Path: $.DefaultSize | LineNumber: 5 | BytePositionInLine: 26.
2022-12-17 20:18:27.9131 [ERROR] => Failed parsing app '/home/john/src/Fenrus/Dotnet/Apps/Smart/Jellyfin/app.json': The JSON value could not be converted to System.Nullable`1[Fenrus.ItemSize]. Path: $.DefaultSize | LineNumber: 5 | BytePositionInLine: 25.
2022-12-17 20:18:27.9228 [ERROR] => Failed parsing app '/home/john/src/Fenrus/Dotnet/Apps/Smart/GOG/app.json': The JSON value could not be converted to System.Nullable`1[Fenrus.ItemSize]. Path: $.DefaultSize | LineNumber: 4 | BytePositionInLine: 23.
2022-12-17 20:18:27.9326 [ERROR] => Failed parsing app '/home/john/src/Fenrus/Dotnet/Apps/Smart/EpicGames/app.json': The JSON value could not be converted to System.Nullable`1[Fenrus.ItemSize]. Path: $.DefaultSize | LineNumber: 4 | BytePositionInLine: 26.
2022-12-17 20:18:27.9408 [ERROR] => Failed parsing app '/home/john/src/Fenrus/Dotnet/Apps/Smart/Emby/app.json': The JSON value could not be converted to System.Nullable`1[Fenrus.ItemSize]. Path: $.DefaultSize | LineNumber: 5 | BytePositionInLine: 25.
2022-12-17 20:20:48.8416 [ERROR] => Failed parsing app '/home/john/src/Fenrus/Dotnet/Apps/Smart/Steam/app.json': The JSON value could not be converted to System.Nullable`1[Fenrus.ItemSize]. Path: $.DefaultSize | LineNumber: 5 | BytePositionInLine: 26.
2022-12-17 20:20:48.8936 [ERROR] => Failed parsing app '/home/john/src/Fenrus/Dotnet/Apps/Smart/Jellyfin/app.json': The JSON value could not be converted to System.Nullable`1[Fenrus.ItemSize]. Path: $.DefaultSize | LineNumber: 5 | BytePositionInLine: 25.
2022-12-17 20:20:48.9018 [ERROR] => Failed parsing app '/home/john/src/Fenrus/Dotnet/Apps/Smart/GOG/app.json': The JSON value could not be converted to System.Nullable`1[Fenrus.ItemSize]. Path: $.DefaultSize | LineNumber: 4 | BytePositionInLine: 23.
2022-12-17 20:20:48.9099 [ERROR] => Failed parsing app '/home/john/src/Fenrus/Dotnet/Apps/Smart/EpicGames/app.json': The JSON value could not be converted to System.Nullable`1[Fenrus.ItemSize]. Path: $.DefaultSize | LineNumber: 4 | BytePositionInLine: 26.
2022-12-17 20:20:48.9173 [ERROR] => Failed parsing app '/home/john/src/Fenrus/Dotnet/Apps/Smart/Emby/app.json': The JSON value could not be converted to System.Nullable`1[Fenrus.ItemSize]. Path: $.DefaultSize | LineNumber: 5 | BytePositionInLine: 25.
2022-12-17 20:23:49.6250 [ERROR] => Failed parsing app '/home/john/src/Fenrus/Dotnet/Apps/Smart/Steam/app.json': The JSON value could not be converted to System.Nullable`1[Fenrus.ItemSize]. Path: $.DefaultSize | LineNumber: 5 | BytePositionInLine: 26.
2022-12-17 20:23:49.6764 [ERROR] => Failed parsing app '/home/john/src/Fenrus/Dotnet/Apps/Smart/Jellyfin/app.json': The JSON value could not be converted to System.Nullable`1[Fenrus.ItemSize]. Path: $.DefaultSize | LineNumber: 5 | BytePositionInLine: 25.
2022-12-17 20:23:49.6855 [ERROR] => Failed parsing app '/home/john/src/Fenrus/Dotnet/Apps/Smart/GOG/app.json': The JSON value could not be converted to System.Nullable`1[Fenrus.ItemSize]. Path: $.DefaultSize | LineNumber: 4 | BytePositionInLine: 23.
2022-12-17 20:23:49.6944 [ERROR] => Failed parsing app '/home/john/src/Fenrus/Dotnet/Apps/Smart/EpicGames/app.json': The JSON value could not be converted to System.Nullable`1[Fenrus.ItemSize]. Path: $.DefaultSize | LineNumber: 4 | BytePositionInLine: 26.
2022-12-17 20:23:49.7029 [ERROR] => Failed parsing app '/home/john/src/Fenrus/Dotnet/Apps/Smart/Emby/app.json': The JSON value could not be converted to System.Nullable`1[Fenrus.ItemSize]. Path: $.DefaultSize | LineNumber: 5 | BytePositionInLine: 25.
2022-12-17 20:25:37.9705 [ERROR] => Failed parsing app '/home/john/src/Fenrus/Dotnet/Apps/Smart/Steam/app.json': The JSON value could not be converted to System.Nullable`1[Fenrus.ItemSize]. Path: $.DefaultSize | LineNumber: 5 | BytePositionInLine: 26.
2022-12-17 20:25:38.0265 [ERROR] => Failed parsing app '/home/john/src/Fenrus/Dotnet/Apps/Smart/Jellyfin/app.json': The JSON value could not be converted to System.Nullable`1[Fenrus.ItemSize]. Path: $.DefaultSize | LineNumber: 5 | BytePositionInLine: 25.
2022-12-17 20:25:38.0364 [ERROR] => Failed parsing app '/home/john/src/Fenrus/Dotnet/Apps/Smart/GOG/app.json': The JSON value could not be converted to System.Nullable`1[Fenrus.ItemSize]. Path: $.DefaultSize | LineNumber: 4 | BytePositionInLine: 23.
2022-12-17 20:25:38.0464 [ERROR] => Failed parsing app '/home/john/src/Fenrus/Dotnet/Apps/Smart/EpicGames/app.json': The JSON value could not be converted to System.Nullable`1[Fenrus.ItemSize]. Path: $.DefaultSize | LineNumber: 4 | BytePositionInLine: 26.
2022-12-17 20:25:38.0560 [ERROR] => Failed parsing app '/home/john/src/Fenrus/Dotnet/Apps/Smart/Emby/app.json': The JSON value could not be converted to System.Nullable`1[Fenrus.ItemSize]. Path: $.DefaultSize | LineNumber: 5 | BytePositionInLine: 25.
2022-12-17 20:47:46.0483 [ERROR] => Failed parsing app '/home/john/src/Fenrus/Dotnet/Apps/Smart/Steam/app.json': The JSON value could not be converted to System.Nullable`1[Fenrus.ItemSize]. Path: $.DefaultSize | LineNumber: 5 | BytePositionInLine: 26.
2022-12-17 20:47:46.1098 [ERROR] => Failed parsing app '/home/john/src/Fenrus/Dotnet/Apps/Smart/Jellyfin/app.json': The JSON value could not be converted to System.Nullable`1[Fenrus.ItemSize]. Path: $.DefaultSize | LineNumber: 5 | BytePositionInLine: 25.
2022-12-17 20:47:46.1197 [ERROR] => Failed parsing app '/home/john/src/Fenrus/Dotnet/Apps/Smart/GOG/app.json': The JSON value could not be converted to System.Nullable`1[Fenrus.ItemSize]. Path: $.DefaultSize | LineNumber: 4 | BytePositionInLine: 23.
2022-12-17 20:47:46.1283 [ERROR] => Failed parsing app '/home/john/src/Fenrus/Dotnet/Apps/Smart/EpicGames/app.json': The JSON value could not be converted to System.Nullable`1[Fenrus.ItemSize]. Path: $.DefaultSize | LineNumber: 4 | BytePositionInLine: 26.
2022-12-17 20:47:46.1363 [ERROR] => Failed parsing app '/home/john/src/Fenrus/Dotnet/Apps/Smart/Emby/app.json': The JSON value could not be converted to System.Nullable`1[Fenrus.ItemSize]. Path: $.DefaultSize | LineNumber: 5 | BytePositionInLine: 25.
2022-12-17 20:49:06.6035 [ERROR] => Failed parsing app '/home/john/src/Fenrus/Dotnet/Apps/Smart/Steam/app.json': The JSON value could not be converted to System.Nullable`1[Fenrus.ItemSize]. Path: $.DefaultSize | LineNumber: 5 | BytePositionInLine: 26.
2022-12-17 20:49:06.6533 [ERROR] => Failed parsing app '/home/john/src/Fenrus/Dotnet/Apps/Smart/Jellyfin/app.json': The JSON value could not be converted to System.Nullable`1[Fenrus.ItemSize]. Path: $.DefaultSize | LineNumber: 5 | BytePositionInLine: 25.
2022-12-17 20:49:06.6617 [ERROR] => Failed parsing app '/home/john/src/Fenrus/Dotnet/Apps/Smart/GOG/app.json': The JSON value could not be converted to System.Nullable`1[Fenrus.ItemSize]. Path: $.DefaultSize | LineNumber: 4 | BytePositionInLine: 23.
2022-12-17 20:49:06.6698 [ERROR] => Failed parsing app '/home/john/src/Fenrus/Dotnet/Apps/Smart/EpicGames/app.json': The JSON value could not be converted to System.Nullable`1[Fenrus.ItemSize]. Path: $.DefaultSize | LineNumber: 4 | BytePositionInLine: 26.
2022-12-17 20:49:06.6779 [ERROR] => Failed parsing app '/home/john/src/Fenrus/Dotnet/Apps/Smart/Emby/app.json': The JSON value could not be converted to System.Nullable`1[Fenrus.ItemSize]. Path: $.DefaultSize | LineNumber: 5 | BytePositionInLine: 25.
2022-12-17 20:53:01.0270 [ERROR] => Failed parsing app '/home/john/src/Fenrus/Dotnet/Apps/Smart/Steam/app.json': The JSON value could not be converted to System.Nullable`1[Fenrus.ItemSize]. Path: $.DefaultSize | LineNumber: 5 | BytePositionInLine: 26.
2022-12-17 20:53:01.0827 [ERROR] => Failed parsing app '/home/john/src/Fenrus/Dotnet/Apps/Smart/Jellyfin/app.json': The JSON value could not be converted to System.Nullable`1[Fenrus.ItemSize]. Path: $.DefaultSize | LineNumber: 5 | BytePositionInLine: 25.
2022-12-17 20:53:01.0928 [ERROR] => Failed parsing app '/home/john/src/Fenrus/Dotnet/Apps/Smart/GOG/app.json': The JSON value could not be converted to System.Nullable`1[Fenrus.ItemSize]. Path: $.DefaultSize | LineNumber: 4 | BytePositionInLine: 23.
2022-12-17 20:53:01.1027 [ERROR] => Failed parsing app '/home/john/src/Fenrus/Dotnet/Apps/Smart/EpicGames/app.json': The JSON value could not be converted to System.Nullable`1[Fenrus.ItemSize]. Path: $.DefaultSize | LineNumber: 4 | BytePositionInLine: 26.
2022-12-17 20:53:01.1118 [ERROR] => Failed parsing app '/home/john/src/Fenrus/Dotnet/Apps/Smart/Emby/app.json': The JSON value could not be converted to System.Nullable`1[Fenrus.ItemSize]. Path: $.DefaultSize | LineNumber: 5 | BytePositionInLine: 25.
